mode: set
cribb-backend/main.go:12.13,21.100 4 0
cribb-backend/main.go:21.100,23.3 1 0
cribb-backend/main.go:26.2,69.58 31 0
cribb-backend/main.go:69.58,71.3 1 0
cribb-backend/config/config.go:24.13,27.2 1 0
cribb-backend/config/config.go:30.18,32.40 1 0
cribb-backend/config/config.go:32.40,34.3 1 0
cribb-backend/config/config.go:37.2,41.20 4 0
cribb-backend/config/config.go:41.20,43.3 1 0
cribb-backend/config/config.go:45.2,45.18 1 0
cribb-backend/config/config.go:45.18,47.3 1 0
cribb-backend/config/config.go:49.2,49.21 1 0
cribb-backend/config/config.go:49.21,51.3 1 0
cribb-backend/config/config.go:54.2,64.16 7 0
cribb-backend/config/config.go:64.16,66.3 1 0
cribb-backend/config/config.go:69.2,70.16 2 0
cribb-backend/config/config.go:70.16,72.3 1 0
cribb-backend/config/config.go:74.2,77.45 2 0
cribb-backend/config/config.go:77.45,79.3 1 0
cribb-backend/config/config.go:81.2,81.70 1 0
cribb-backend/config/config.go:84.33,85.15 1 0
cribb-backend/config/config.go:85.15,87.3 1 0
cribb-backend/config/config.go:89.2,95.57 4 0
cribb-backend/config/config.go:95.57,98.3 1 0
cribb-backend/config/config.go:101.2,119.16 4 0
cribb-backend/config/config.go:119.16,121.3 1 0
cribb-backend/config/config.go:124.2,128.16 3 0
cribb-backend/config/config.go:128.16,130.3 1 0
cribb-backend/config/config.go:133.2,138.16 2 0
cribb-backend/config/config.go:138.16,140.3 1 0
cribb-backend/config/config.go:142.2,153.16 3 0
cribb-backend/config/config.go:153.16,155.3 1 0
cribb-backend/config/config.go:158.2,177.16 4 0
cribb-backend/config/config.go:177.16,179.3 1 0
cribb-backend/config/config.go:182.2,195.16 4 0
cribb-backend/config/config.go:195.16,197.3 1 0
cribb-backend/config/config.go:200.2,213.16 4 0
cribb-backend/config/config.go:213.16,215.3 1 0
cribb-backend/config/config.go:217.2,218.12 2 0
cribb-backend/middleware/auth.go:26.61,27.54 1 0
cribb-backend/middleware/auth.go:27.54,30.23 2 0
cribb-backend/middleware/auth.go:30.23,33.4 2 0
cribb-backend/middleware/auth.go:36.3,37.46 2 0
cribb-backend/middleware/auth.go:37.46,40.4 2 0
cribb-backend/middleware/auth.go:43.3,46.84 2 0
cribb-backend/middleware/auth.go:46.84,48.59 1 0
cribb-backend/middleware/auth.go:48.59,50.5 1 0
cribb-backend/middleware/auth.go:51.4,51.32 1 0
cribb-backend/middleware/auth.go:54.3,54.17 1 0
cribb-backend/middleware/auth.go:54.17,57.4 2 0
cribb-backend/middleware/auth.go:59.3,59.19 1 0
cribb-backend/middleware/auth.go:59.19,62.4 2 0
cribb-backend/middleware/auth.go:65.3,66.10 2 0
cribb-backend/middleware/auth.go:66.10,69.4 2 0
cribb-backend/middleware/auth.go:72.3,79.30 3 0
cribb-backend/middleware/auth.go:84.65,87.2 2 0
cribb-backend/middleware/auth.go:90.61,91.54 1 0
cribb-backend/middleware/auth.go:91.54,100.28 6 0
cribb-backend/middleware/auth.go:100.28,103.4 2 0
cribb-backend/middleware/auth.go:105.3,105.13 1 0
cribb-backend/jobs/chore_scheduler.go:16.28,27.12 5 0
cribb-backend/jobs/chore_scheduler.go:27.12,28.22 1 0
cribb-backend/jobs/chore_scheduler.go:28.22,31.4 2 0
cribb-backend/jobs/chore_scheduler.go:36.31,49.16 4 0
cribb-backend/jobs/chore_scheduler.go:49.16,52.3 2 0
cribb-backend/jobs/chore_scheduler.go:53.2,56.74 3 0
cribb-backend/jobs/chore_scheduler.go:56.74,59.3 2 0
cribb-backend/jobs/chore_scheduler.go:61.2,61.49 1 0
cribb-backend/jobs/chore_scheduler.go:61.49,64.17 2 0
cribb-backend/jobs/chore_scheduler.go:64.17,66.12 2 0
cribb-backend/jobs/chore_scheduler.go:70.3,70.51 1 0
cribb-backend/jobs/chore_scheduler.go:70.51,74.106 2 0
cribb-backend/jobs/chore_scheduler.go:74.106,82.19 3 0
cribb-backend/jobs/chore_scheduler.go:82.19,84.6 1 0
cribb-backend/jobs/chore_scheduler.go:87.5,87.63 1 0
cribb-backend/jobs/chore_scheduler.go:87.63,89.6 1 0
cribb-backend/jobs/chore_scheduler.go:92.5,94.19 3 0
cribb-backend/jobs/chore_scheduler.go:94.19,96.6 1 0
cribb-backend/jobs/chore_scheduler.go:99.5,100.30 2 0
cribb-backend/jobs/chore_scheduler.go:101.18,102.46 1 0
cribb-backend/jobs/chore_scheduler.go:103.19,104.50 1 0
cribb-backend/jobs/chore_scheduler.go:105.21,106.51 1 0
cribb-backend/jobs/chore_scheduler.go:107.20,108.43 1 0
cribb-backend/jobs/chore_scheduler.go:109.13,110.50 1 0
cribb-backend/jobs/chore_scheduler.go:114.5,125.19 2 0
cribb-backend/jobs/chore_scheduler.go:125.19,127.6 1 0
cribb-backend/jobs/chore_scheduler.go:129.5,130.20 2 0
cribb-backend/jobs/chore_scheduler.go:133.4,133.18 1 0
cribb-backend/jobs/chore_scheduler.go:133.18,135.5 1 0
cribb-backend/jobs/chore_scheduler.go:139.2,139.67 1 0
cribb-backend/jobs/chore_scheduler.go:143.28,163.16 4 0
cribb-backend/jobs/chore_scheduler.go:163.16,166.3 2 0
cribb-backend/jobs/chore_scheduler.go:168.2,168.30 1 0
cribb-backend/jobs/chore_scheduler.go:168.30,170.3 1 0
cribb-backend/jobs/chore_scheduler.go:170.8,172.3 1 0
cribb-backend/jobs/pantry_jobs.go:17.24,28.12 5 0
cribb-backend/jobs/pantry_jobs.go:28.12,29.22 1 0
cribb-backend/jobs/pantry_jobs.go:29.22,32.4 2 0
cribb-backend/jobs/pantry_jobs.go:37.27,56.16 5 0
cribb-backend/jobs/pantry_jobs.go:56.16,59.3 2 0
cribb-backend/jobs/pantry_jobs.go:60.2,63.72 3 0
cribb-backend/jobs/pantry_jobs.go:63.72,66.3 2 0
cribb-backend/jobs/pantry_jobs.go:69.2,69.37 1 0
cribb-backend/jobs/pantry_jobs.go:69.37,82.17 2 0
cribb-backend/jobs/pantry_jobs.go:82.17,84.12 2 0
cribb-backend/jobs/pantry_jobs.go:88.3,88.17 1 0
cribb-backend/jobs/pantry_jobs.go:88.17,102.18 3 0
cribb-backend/jobs/pantry_jobs.go:102.18,104.5 1 0
cribb-backend/jobs/pantry_jobs.go:104.10,106.5 1 0
cribb-backend/jobs/pantry_jobs.go:111.2,120.16 2 0
cribb-backend/jobs/pantry_jobs.go:120.16,123.3 2 0
cribb-backend/jobs/pantry_jobs.go:124.2,127.71 3 0
cribb-backend/jobs/pantry_jobs.go:127.71,130.3 2 0
cribb-backend/jobs/pantry_jobs.go:133.2,133.36 1 0
cribb-backend/jobs/pantry_jobs.go:133.36,146.17 2 0
cribb-backend/jobs/pantry_jobs.go:146.17,148.12 2 0
cribb-backend/jobs/pantry_jobs.go:152.3,152.17 1 0
cribb-backend/jobs/pantry_jobs.go:152.17,166.18 3 0
cribb-backend/jobs/pantry_jobs.go:166.18,168.5 1 0
cribb-backend/jobs/pantry_jobs.go:168.10,170.5 1 0
cribb-backend/jobs/pantry_jobs.go:174.2,175.41 1 0
cribb-backend/jobs/pantry_jobs.go:179.27,197.16 4 0
cribb-backend/jobs/pantry_jobs.go:197.16,200.3 2 0
cribb-backend/jobs/pantry_jobs.go:201.2,204.72 3 0
cribb-backend/jobs/pantry_jobs.go:204.72,207.3 2 0
cribb-backend/jobs/pantry_jobs.go:209.2,212.37 2 0
cribb-backend/jobs/pantry_jobs.go:212.37,225.17 2 0
cribb-backend/jobs/pantry_jobs.go:225.17,227.12 2 0
cribb-backend/jobs/pantry_jobs.go:231.3,231.17 1 0
cribb-backend/jobs/pantry_jobs.go:231.17,245.18 3 0
cribb-backend/jobs/pantry_jobs.go:245.18,247.5 1 0
cribb-backend/jobs/pantry_jobs.go:247.10,249.5 1 0
cribb-backend/jobs/pantry_jobs.go:253.2,253.77 1 0
cribb-backend/jobs/pantry_jobs.go:257.89,269.16 2 0
cribb-backend/jobs/pantry_jobs.go:269.16,271.3 1 0
cribb-backend/jobs/pantry_jobs.go:272.2,275.64 3 0
cribb-backend/jobs/pantry_jobs.go:275.64,277.3 1 0
cribb-backend/jobs/pantry_jobs.go:280.2,291.16 2 0
cribb-backend/jobs/pantry_jobs.go:291.16,293.3 1 0
cribb-backend/jobs/pantry_jobs.go:294.2,297.77 3 0
cribb-backend/jobs/pantry_jobs.go:297.77,299.3 1 0
cribb-backend/jobs/pantry_jobs.go:302.2,306.29 3 0
cribb-backend/jobs/pantry_jobs.go:306.29,307.30 1 0
cribb-backend/jobs/pantry_jobs.go:307.30,312.26 3 0
cribb-backend/jobs/pantry_jobs.go:312.26,314.5 1 0
cribb-backend/jobs/pantry_jobs.go:316.4,324.6 1 0
cribb-backend/jobs/pantry_jobs.go:329.2,329.45 1 0
cribb-backend/jobs/pantry_jobs.go:329.45,330.42 1 0
cribb-backend/jobs/pantry_jobs.go:330.42,338.18 3 0
cribb-backend/jobs/pantry_jobs.go:338.18,339.36 1 0
cribb-backend/jobs/pantry_jobs.go:339.36,341.6 1 0
cribb-backend/jobs/pantry_jobs.go:342.5,342.13 1 0
cribb-backend/jobs/pantry_jobs.go:345.4,358.6 3 0
cribb-backend/jobs/pantry_jobs.go:362.2,362.26 1 0
cribb-backend/models/chore.go:69.123,83.2 1 0
cribb-backend/models/chore.go:86.165,100.2 1 0
cribb-backend/models/chore.go:103.64,104.33 1 0
cribb-backend/models/chore.go:104.33,106.3 1 0
cribb-backend/models/chore.go:108.2,110.17 3 0
cribb-backend/models/chore.go:114.70,120.34 3 0
cribb-backend/models/chore.go:121.15,122.40 1 0
cribb-backend/models/chore.go:123.16,124.44 1 0
cribb-backend/models/chore.go:125.18,126.45 1 0
cribb-backend/models/chore.go:127.17,128.37 1 0
cribb-backend/models/chore.go:131.2,144.3 1 0
cribb-backend/models/group.go:22.33,25.22 3 0
cribb-backend/models/group.go:25.22,27.3 1 0
cribb-backend/models/group.go:28.2,28.21 1 0
cribb-backend/models/group.go:31.35,39.2 1 0
cribb-backend/models/group.go:42.54,48.16 3 0
cribb-backend/models/group.go:48.16,50.3 1 0
cribb-backend/models/group.go:51.2,54.48 3 0
cribb-backend/models/group.go:54.48,56.3 1 0
cribb-backend/models/group.go:58.2,58.31 1 0
cribb-backend/models/group.go:58.31,64.17 2 0
cribb-backend/models/group.go:64.17,66.4 1 0
cribb-backend/models/group.go:68.2,68.12 1 0
cribb-backend/models/pantry_history.go:51.18,63.2 1 0
cribb-backend/models/pantry_item.go:32.15,44.2 1 0
cribb-backend/models/pantry_item.go:47.52,48.31 1 0
cribb-backend/models/pantry_item.go:48.31,50.3 1 0
cribb-backend/models/pantry_item.go:52.2,53.91 2 0
cribb-backend/models/pantry_item.go:57.39,58.31 1 0
cribb-backend/models/pantry_item.go:58.31,60.3 1 0
cribb-backend/models/pantry_item.go:62.2,62.44 1 0
cribb-backend/models/pantry_item.go:66.58,69.2 2 0
cribb-backend/models/pantry_notification.go:42.23,52.2 1 0
cribb-backend/models/pantry_notification.go:55.74,57.30 1 0
cribb-backend/models/pantry_notification.go:57.30,58.19 1 0
cribb-backend/models/pantry_notification.go:58.19,60.4 1 0
cribb-backend/models/pantry_notification.go:64.2,64.37 1 0
cribb-backend/models/pantry_notification.go:68.76,69.30 1 0
cribb-backend/models/pantry_notification.go:69.30,70.19 1 0
cribb-backend/models/pantry_notification.go:70.19,72.4 1 0
cribb-backend/models/pantry_notification.go:74.2,74.14 1 0
cribb-backend/test/mocks.go:24.26,35.2 1 0
cribb-backend/test/mocks.go:38.45,40.2 1 0
cribb-backend/test/mocks.go:43.48,45.2 1 0
cribb-backend/test/mocks.go:48.48,50.2 1 0
cribb-backend/test/mocks.go:53.66,55.2 1 0
cribb-backend/test/mocks.go:58.73,60.2 1 0
cribb-backend/test/mocks.go:63.75,64.32 1 0
cribb-backend/test/mocks.go:64.32,65.32 1 0
cribb-backend/test/mocks.go:65.32,67.4 1 0
cribb-backend/test/mocks.go:69.2,69.29 1 0
cribb-backend/test/mocks.go:73.75,74.32 1 0
cribb-backend/test/mocks.go:74.32,75.20 1 0
cribb-backend/test/mocks.go:75.20,77.4 1 0
cribb-backend/test/mocks.go:79.2,79.29 1 0
cribb-backend/test/mocks.go:83.69,84.34 1 0
cribb-backend/test/mocks.go:84.34,85.25 1 0
cribb-backend/test/mocks.go:85.25,87.4 1 0
cribb-backend/test/mocks.go:89.2,89.30 1 0
cribb-backend/test/mocks.go:93.69,94.34 1 0
cribb-backend/test/mocks.go:94.34,95.30 1 0
cribb-backend/test/mocks.go:95.30,97.4 1 0
cribb-backend/test/mocks.go:99.2,99.30 1 0
cribb-backend/test/mocks.go:103.51,104.30 1 0
cribb-backend/test/mocks.go:104.30,105.23 1 0
cribb-backend/test/mocks.go:105.23,108.4 2 0
cribb-backend/test/mocks.go:111.2,111.20 1 0
cribb-backend/test/mocks.go:115.77,116.34 1 0
cribb-backend/test/mocks.go:116.34,117.21 1 0
cribb-backend/test/mocks.go:117.21,119.4 1 0
cribb-backend/test/mocks.go:121.2,121.30 1 0
cribb-backend/test/mocks.go:125.95,126.43 1 0
cribb-backend/test/mocks.go:126.43,127.21 1 0
cribb-backend/test/mocks.go:127.21,129.4 1 0
cribb-backend/test/mocks.go:131.2,131.39 1 0
cribb-backend/test/mocks.go:135.78,137.34 2 0
cribb-backend/test/mocks.go:137.34,138.33 1 0
cribb-backend/test/mocks.go:138.33,140.4 1 0
cribb-backend/test/mocks.go:142.2,142.15 1 0
cribb-backend/test/mocks.go:146.80,148.34 2 0
cribb-backend/test/mocks.go:148.34,149.31 1 0
cribb-backend/test/mocks.go:149.31,151.4 1 0
cribb-backend/test/mocks.go:153.2,153.15 1 0
cribb-backend/test/mocks.go:157.98,159.43 2 0
cribb-backend/test/mocks.go:159.43,160.31 1 0
cribb-backend/test/mocks.go:160.31,162.4 1 0
cribb-backend/test/mocks.go:164.2,164.15 1 0
cribb-backend/test/mocks.go:168.78,170.32 2 0
cribb-backend/test/mocks.go:170.32,171.30 1 0
cribb-backend/test/mocks.go:171.30,173.4 1 0
cribb-backend/test/mocks.go:175.2,175.15 1 0
cribb-backend/test/mocks.go:179.48,180.29 1 0
cribb-backend/test/mocks.go:180.29,181.22 1 0
cribb-backend/test/mocks.go:181.22,184.4 2 0
cribb-backend/test/mocks.go:187.2,187.18 1 0
cribb-backend/test/mocks.go:191.51,192.30 1 0
cribb-backend/test/mocks.go:192.30,193.23 1 0
cribb-backend/test/mocks.go:193.23,196.4 2 0
cribb-backend/test/mocks.go:199.2,199.20 1 0
cribb-backend/test/mocks.go:203.69,204.39 1 0
cribb-backend/test/mocks.go:204.39,205.23 1 0
cribb-backend/test/mocks.go:205.23,208.4 2 0
cribb-backend/test/mocks.go:211.2,211.29 1 0
cribb-backend/test/mocks.go:215.59,216.30 1 0
cribb-backend/test/mocks.go:216.30,217.17 1 0
cribb-backend/test/mocks.go:217.17,220.4 2 0
cribb-backend/test/mocks.go:222.2,222.14 1 0
cribb-backend/test/mocks.go:226.68,227.39 1 0
cribb-backend/test/mocks.go:227.39,228.17 1 0
cribb-backend/test/mocks.go:228.17,231.4 2 0
cribb-backend/test/mocks.go:233.2,233.14 1 0
cribb-backend/test/mocks.go:237.35,252.2 1 0
cribb-backend/test/mocks.go:254.37,263.2 1 0
cribb-backend/test/mocks.go:265.37,280.2 1 0
cribb-backend/test/mocks.go:282.55,297.2 1 0
cribb-backend/test/mocks_pantry.go:14.57,16.27 1 0
cribb-backend/test/mocks_pantry.go:16.27,18.3 1 0
cribb-backend/test/mocks_pantry.go:19.2,19.47 1 0
cribb-backend/test/mocks_pantry.go:23.60,25.27 1 0
cribb-backend/test/mocks_pantry.go:25.27,29.3 3 0
cribb-backend/test/mocks_pantry.go:31.2,31.46 1 0
cribb-backend/test/mocks_pantry.go:31.46,32.33 1 0
cribb-backend/test/mocks_pantry.go:32.33,35.4 2 0
cribb-backend/test/mocks_pantry.go:38.2,38.24 1 0
cribb-backend/test/mocks_pantry.go:42.64,43.27 1 0
cribb-backend/test/mocks_pantry.go:43.27,45.3 1 0
cribb-backend/test/mocks_pantry.go:47.2,47.38 1 0
cribb-backend/test/mocks_pantry.go:47.38,48.20 1 0
cribb-backend/test/mocks_pantry.go:48.20,51.4 2 0
cribb-backend/test/mocks_pantry.go:53.2,53.14 1 0
cribb-backend/test/mocks_pantry.go:57.87,58.27 1 0
cribb-backend/test/mocks_pantry.go:58.27,60.3 1 0
cribb-backend/test/mocks_pantry.go:62.2,62.38 1 0
cribb-backend/test/mocks_pantry.go:62.38,63.20 1 0
cribb-backend/test/mocks_pantry.go:63.20,65.4 1 0
cribb-backend/test/mocks_pantry.go:67.2,67.35 1 0
cribb-backend/test/mocks_pantry.go:71.89,74.27 2 0
cribb-backend/test/mocks_pantry.go:74.27,76.3 1 0
cribb-backend/test/mocks_pantry.go:78.2,78.38 1 0
cribb-backend/test/mocks_pantry.go:78.38,79.30 1 0
cribb-backend/test/mocks_pantry.go:79.30,81.4 1 0
cribb-backend/test/mocks_pantry.go:83.2,83.15 1 0
cribb-backend/test/mocks_pantry.go:87.109,90.27 2 0
cribb-backend/test/mocks_pantry.go:90.27,92.3 1 0
cribb-backend/test/mocks_pantry.go:94.2,94.38 1 0
cribb-backend/test/mocks_pantry.go:94.38,95.59 1 0
cribb-backend/test/mocks_pantry.go:95.59,97.4 1 0
cribb-backend/test/mocks_pantry.go:99.2,99.15 1 0
cribb-backend/test/mocks_pantry.go:103.81,105.35 1 0
cribb-backend/test/mocks_pantry.go:105.35,107.3 1 0
cribb-backend/test/mocks_pantry.go:108.2,108.71 1 0
cribb-backend/test/mocks_pantry.go:112.84,114.35 1 0
cribb-backend/test/mocks_pantry.go:114.35,118.3 3 0
cribb-backend/test/mocks_pantry.go:120.2,120.62 1 0
cribb-backend/test/mocks_pantry.go:120.62,121.49 1 0
cribb-backend/test/mocks_pantry.go:121.49,124.4 2 0
cribb-backend/test/mocks_pantry.go:127.2,127.40 1 0
cribb-backend/test/mocks_pantry.go:131.72,132.35 1 0
cribb-backend/test/mocks_pantry.go:132.35,134.3 1 0
cribb-backend/test/mocks_pantry.go:136.2,136.54 1 0
cribb-backend/test/mocks_pantry.go:136.54,137.28 1 0
cribb-backend/test/mocks_pantry.go:137.28,140.4 2 0
cribb-backend/test/mocks_pantry.go:142.2,142.14 1 0
cribb-backend/test/mocks_pantry.go:146.103,147.35 1 0
cribb-backend/test/mocks_pantry.go:147.35,149.3 1 0
cribb-backend/test/mocks_pantry.go:151.2,151.54 1 0
cribb-backend/test/mocks_pantry.go:151.54,152.28 1 0
cribb-backend/test/mocks_pantry.go:152.28,154.4 1 0
cribb-backend/test/mocks_pantry.go:156.2,156.43 1 0
cribb-backend/test/mocks_pantry.go:160.105,163.35 2 0
cribb-backend/test/mocks_pantry.go:163.35,165.3 1 0
cribb-backend/test/mocks_pantry.go:167.2,167.54 1 0
cribb-backend/test/mocks_pantry.go:167.54,168.38 1 0
cribb-backend/test/mocks_pantry.go:168.38,170.4 1 0
cribb-backend/test/mocks_pantry.go:172.2,172.15 1 0
cribb-backend/test/mocks_pantry.go:176.146,179.35 2 0
cribb-backend/test/mocks_pantry.go:179.35,181.3 1 0
cribb-backend/test/mocks_pantry.go:183.2,183.54 1 0
cribb-backend/test/mocks_pantry.go:183.54,184.79 1 0
cribb-backend/test/mocks_pantry.go:184.79,186.4 1 0
cribb-backend/test/mocks_pantry.go:188.2,188.15 1 0
cribb-backend/test/mocks_pantry.go:192.66,194.29 1 0
cribb-backend/test/mocks_pantry.go:194.29,196.3 1 0
cribb-backend/test/mocks_pantry.go:197.2,197.54 1 0
cribb-backend/test/mocks_pantry.go:201.94,204.29 2 0
cribb-backend/test/mocks_pantry.go:204.29,206.3 1 0
cribb-backend/test/mocks_pantry.go:208.2,208.43 1 0
cribb-backend/test/mocks_pantry.go:208.43,209.31 1 0
cribb-backend/test/mocks_pantry.go:209.31,211.4 1 0
cribb-backend/test/mocks_pantry.go:213.2,213.15 1 0
cribb-backend/test/mocks_pantry.go:217.94,220.29 2 0
cribb-backend/test/mocks_pantry.go:220.29,222.3 1 0
cribb-backend/test/mocks_pantry.go:224.2,224.43 1 0
cribb-backend/test/mocks_pantry.go:224.43,225.33 1 0
cribb-backend/test/mocks_pantry.go:225.33,227.4 1 0
cribb-backend/test/mocks_pantry.go:229.2,229.15 1 0
cribb-backend/test/mocks_pantry.go:233.92,236.29 2 0
cribb-backend/test/mocks_pantry.go:236.29,238.3 1 0
cribb-backend/test/mocks_pantry.go:240.2,240.43 1 0
cribb-backend/test/mocks_pantry.go:240.43,241.31 1 0
cribb-backend/test/mocks_pantry.go:241.31,243.4 1 0
cribb-backend/test/mocks_pantry.go:245.2,245.15 1 0
cribb-backend/config/config.go:24.13,27.2 1 1
cribb-backend/config/config.go:30.18,32.40 1 0
cribb-backend/config/config.go:32.40,34.3 1 0
cribb-backend/config/config.go:37.2,41.20 4 0
cribb-backend/config/config.go:41.20,43.3 1 0
cribb-backend/config/config.go:45.2,45.18 1 0
cribb-backend/config/config.go:45.18,47.3 1 0
cribb-backend/config/config.go:49.2,49.21 1 0
cribb-backend/config/config.go:49.21,51.3 1 0
cribb-backend/config/config.go:54.2,64.16 7 0
cribb-backend/config/config.go:64.16,66.3 1 0
cribb-backend/config/config.go:69.2,70.16 2 0
cribb-backend/config/config.go:70.16,72.3 1 0
cribb-backend/config/config.go:74.2,77.45 2 0
cribb-backend/config/config.go:77.45,79.3 1 0
cribb-backend/config/config.go:81.2,81.70 1 0
cribb-backend/config/config.go:84.33,85.15 1 0
cribb-backend/config/config.go:85.15,87.3 1 0
cribb-backend/config/config.go:89.2,95.57 4 0
cribb-backend/config/config.go:95.57,98.3 1 0
cribb-backend/config/config.go:101.2,119.16 4 0
cribb-backend/config/config.go:119.16,121.3 1 0
cribb-backend/config/config.go:124.2,128.16 3 0
cribb-backend/config/config.go:128.16,130.3 1 0
cribb-backend/config/config.go:133.2,138.16 2 0
cribb-backend/config/config.go:138.16,140.3 1 0
cribb-backend/config/config.go:142.2,153.16 3 0
cribb-backend/config/config.go:153.16,155.3 1 0
cribb-backend/config/config.go:158.2,177.16 4 0
cribb-backend/config/config.go:177.16,179.3 1 0
cribb-backend/config/config.go:182.2,195.16 4 0
cribb-backend/config/config.go:195.16,197.3 1 0
cribb-backend/config/config.go:200.2,213.16 4 0
cribb-backend/config/config.go:213.16,215.3 1 0
cribb-backend/config/config.go:217.2,218.12 2 0
cribb-backend/middleware/auth.go:26.61,27.54 1 1
cribb-backend/middleware/auth.go:27.54,30.23 2 1
cribb-backend/middleware/auth.go:30.23,33.4 2 1
cribb-backend/middleware/auth.go:36.3,37.46 2 1
cribb-backend/middleware/auth.go:37.46,40.4 2 0
cribb-backend/middleware/auth.go:43.3,46.84 2 1
cribb-backend/middleware/auth.go:46.84,48.59 1 1
cribb-backend/middleware/auth.go:48.59,50.5 1 0
cribb-backend/middleware/auth.go:51.4,51.32 1 1
cribb-backend/middleware/auth.go:54.3,54.17 1 1
cribb-backend/middleware/auth.go:54.17,57.4 2 1
cribb-backend/middleware/auth.go:59.3,59.19 1 1
cribb-backend/middleware/auth.go:59.19,62.4 2 0
cribb-backend/middleware/auth.go:65.3,66.10 2 1
cribb-backend/middleware/auth.go:66.10,69.4 2 0
cribb-backend/middleware/auth.go:72.3,79.30 3 1
cribb-backend/middleware/auth.go:84.65,87.2 2 1
cribb-backend/middleware/auth.go:90.61,91.54 1 1
cribb-backend/middleware/auth.go:91.54,100.28 6 1
cribb-backend/middleware/auth.go:100.28,103.4 2 1
cribb-backend/middleware/auth.go:105.3,105.13 1 1
cribb-backend/models/chore.go:69.123,83.2 1 0
cribb-backend/models/chore.go:86.165,100.2 1 0
cribb-backend/models/chore.go:103.64,104.33 1 0
cribb-backend/models/chore.go:104.33,106.3 1 0
cribb-backend/models/chore.go:108.2,110.17 3 0
cribb-backend/models/chore.go:114.70,120.34 3 0
cribb-backend/models/chore.go:121.15,122.40 1 0
cribb-backend/models/chore.go:123.16,124.44 1 0
cribb-backend/models/chore.go:125.18,126.45 1 0
cribb-backend/models/chore.go:127.17,128.37 1 0
cribb-backend/models/chore.go:131.2,144.3 1 0
cribb-backend/models/group.go:22.33,25.22 3 0
cribb-backend/models/group.go:25.22,27.3 1 0
cribb-backend/models/group.go:28.2,28.21 1 0
cribb-backend/models/group.go:31.35,39.2 1 0
cribb-backend/models/group.go:42.54,48.16 3 0
cribb-backend/models/group.go:48.16,50.3 1 0
cribb-backend/models/group.go:51.2,54.48 3 0
cribb-backend/models/group.go:54.48,56.3 1 0
cribb-backend/models/group.go:58.2,58.31 1 0
cribb-backend/models/group.go:58.31,64.17 2 0
cribb-backend/models/group.go:64.17,66.4 1 0
cribb-backend/models/group.go:68.2,68.12 1 0
cribb-backend/models/pantry_history.go:51.18,63.2 1 0
cribb-backend/models/pantry_item.go:32.15,44.2 1 0
cribb-backend/models/pantry_item.go:47.52,48.31 1 0
cribb-backend/models/pantry_item.go:48.31,50.3 1 0
cribb-backend/models/pantry_item.go:52.2,53.91 2 0
cribb-backend/models/pantry_item.go:57.39,58.31 1 0
cribb-backend/models/pantry_item.go:58.31,60.3 1 0
cribb-backend/models/pantry_item.go:62.2,62.44 1 0
cribb-backend/models/pantry_item.go:66.58,69.2 2 0
cribb-backend/models/pantry_notification.go:42.23,52.2 1 0
cribb-backend/models/pantry_notification.go:55.74,57.30 1 0
cribb-backend/models/pantry_notification.go:57.30,58.19 1 0
cribb-backend/models/pantry_notification.go:58.19,60.4 1 0
cribb-backend/models/pantry_notification.go:64.2,64.37 1 0
cribb-backend/models/pantry_notification.go:68.76,69.30 1 0
cribb-backend/models/pantry_notification.go:69.30,70.19 1 0
cribb-backend/models/pantry_notification.go:70.19,72.4 1 0
cribb-backend/models/pantry_notification.go:74.2,74.14 1 0
cribb-backend/config/config.go:24.13,27.2 1 1
cribb-backend/config/config.go:30.18,32.40 1 0
cribb-backend/config/config.go:32.40,34.3 1 0
cribb-backend/config/config.go:37.2,41.20 4 0
cribb-backend/config/config.go:41.20,43.3 1 0
cribb-backend/config/config.go:45.2,45.18 1 0
cribb-backend/config/config.go:45.18,47.3 1 0
cribb-backend/config/config.go:49.2,49.21 1 0
cribb-backend/config/config.go:49.21,51.3 1 0
cribb-backend/config/config.go:54.2,64.16 7 0
cribb-backend/config/config.go:64.16,66.3 1 0
cribb-backend/config/config.go:69.2,70.16 2 0
cribb-backend/config/config.go:70.16,72.3 1 0
cribb-backend/config/config.go:74.2,77.45 2 0
cribb-backend/config/config.go:77.45,79.3 1 0
cribb-backend/config/config.go:81.2,81.70 1 0
cribb-backend/config/config.go:84.33,85.15 1 0
cribb-backend/config/config.go:85.15,87.3 1 0
cribb-backend/config/config.go:89.2,95.57 4 0
cribb-backend/config/config.go:95.57,98.3 1 0
cribb-backend/config/config.go:101.2,119.16 4 0
cribb-backend/config/config.go:119.16,121.3 1 0
cribb-backend/config/config.go:124.2,128.16 3 0
cribb-backend/config/config.go:128.16,130.3 1 0
cribb-backend/config/config.go:133.2,138.16 2 0
cribb-backend/config/config.go:138.16,140.3 1 0
cribb-backend/config/config.go:142.2,153.16 3 0
cribb-backend/config/config.go:153.16,155.3 1 0
cribb-backend/config/config.go:158.2,177.16 4 0
cribb-backend/config/config.go:177.16,179.3 1 0
cribb-backend/config/config.go:182.2,195.16 4 0
cribb-backend/config/config.go:195.16,197.3 1 0
cribb-backend/config/config.go:200.2,213.16 4 0
cribb-backend/config/config.go:213.16,215.3 1 0
cribb-backend/config/config.go:217.2,218.12 2 0
cribb-backend/handlers/auth.go:34.62,35.33 1 0
cribb-backend/handlers/auth.go:35.33,38.3 2 0
cribb-backend/handlers/auth.go:40.2,41.61 2 0
cribb-backend/handlers/auth.go:41.61,44.3 2 0
cribb-backend/handlers/auth.go:47.2,47.113 1 0
cribb-backend/handlers/auth.go:47.113,50.3 2 0
cribb-backend/handlers/auth.go:53.2,53.90 1 0
cribb-backend/handlers/auth.go:53.90,56.3 2 0
cribb-backend/handlers/auth.go:59.2,60.16 2 0
cribb-backend/handlers/auth.go:60.16,63.3 2 0
cribb-backend/handlers/auth.go:64.2,68.16 3 0
cribb-backend/handlers/auth.go:68.16,71.3 2 0
cribb-backend/handlers/auth.go:73.2,79.16 5 0
cribb-backend/handlers/auth.go:79.16,82.3 2 0
cribb-backend/handlers/auth.go:84.2,84.93 1 0
cribb-backend/handlers/auth.go:84.93,86.22 1 0
cribb-backend/handlers/auth.go:86.22,90.18 3 0
cribb-backend/handlers/auth.go:90.18,91.39 1 0
cribb-backend/handlers/auth.go:91.39,93.6 1 0
cribb-backend/handlers/auth.go:94.5,94.57 1 0
cribb-backend/handlers/auth.go:96.4,98.34 3 0
cribb-backend/handlers/auth.go:99.9,107.18 4 0
cribb-backend/handlers/auth.go:107.18,108.45 1 0
cribb-backend/handlers/auth.go:108.45,110.6 1 0
cribb-backend/handlers/auth.go:111.5,111.56 1 0
cribb-backend/handlers/auth.go:113.4,115.31 3 0
cribb-backend/handlers/auth.go:119.3,136.17 3 0
cribb-backend/handlers/auth.go:136.17,137.38 1 0
cribb-backend/handlers/auth.go:137.38,139.5 1 0
cribb-backend/handlers/auth.go:140.4,140.55 1 0
cribb-backend/handlers/auth.go:144.3,151.17 2 0
cribb-backend/handlers/auth.go:151.17,153.4 1 0
cribb-backend/handlers/auth.go:156.3,162.25 5 0
cribb-backend/handlers/auth.go:162.25,164.4 1 0
cribb-backend/handlers/auth.go:167.3,185.45 4 0
cribb-backend/handlers/auth.go:188.2,188.16 1 0
cribb-backend/handlers/auth.go:188.16,190.37 2 0
cribb-backend/handlers/auth.go:190.37,193.4 2 0
cribb-backend/handlers/auth.go:194.3,195.9 2 0
cribb-backend/handlers/auth.go:198.2,198.49 1 0
cribb-backend/handlers/auth.go:207.55,217.16 3 1
cribb-backend/handlers/auth.go:217.16,219.3 1 0
cribb-backend/handlers/auth.go:221.2,221.20 1 1
cribb-backend/handlers/auth.go:241.59,242.33 1 0
cribb-backend/handlers/auth.go:242.33,245.3 2 0
cribb-backend/handlers/auth.go:247.2,248.61 2 0
cribb-backend/handlers/auth.go:248.61,251.3 2 0
cribb-backend/handlers/auth.go:254.2,254.46 1 0
cribb-backend/handlers/auth.go:254.46,257.3 2 0
cribb-backend/handlers/auth.go:260.2,266.16 3 0
cribb-backend/handlers/auth.go:266.16,267.34 1 0
cribb-backend/handlers/auth.go:267.34,271.4 2 0
cribb-backend/handlers/auth.go:272.3,273.9 2 0
cribb-backend/handlers/auth.go:277.2,278.16 2 0
cribb-backend/handlers/auth.go:278.16,282.3 2 0
cribb-backend/handlers/auth.go:285.2,291.24 5 0
cribb-backend/handlers/auth.go:291.24,293.3 1 0
cribb-backend/handlers/auth.go:296.2,314.37 4 0
cribb-backend/handlers/auth.go:317.68,318.32 1 0
cribb-backend/handlers/auth.go:318.32,321.3 2 0
cribb-backend/handlers/auth.go:324.2,325.9 2 0
cribb-backend/handlers/auth.go:325.9,328.3 2 0
cribb-backend/handlers/auth.go:331.2,332.16 2 0
cribb-backend/handlers/auth.go:332.16,335.3 2 0
cribb-backend/handlers/auth.go:337.2,343.16 3 0
cribb-backend/handlers/auth.go:343.16,344.34 1 0
cribb-backend/handlers/auth.go:344.34,347.4 2 0
cribb-backend/handlers/auth.go:348.3,349.9 2 0
cribb-backend/handlers/auth.go:353.2,356.24 4 0
cribb-backend/handlers/auth.go:356.24,358.3 1 0
cribb-backend/handlers/auth.go:361.2,373.37 3 0
cribb-backend/handlers/chore.go:20.75,21.33 1 0
cribb-backend/handlers/chore.go:21.33,24.3 2 0
cribb-backend/handlers/chore.go:26.2,35.65 2 0
cribb-backend/handlers/chore.go:35.65,38.3 2 0
cribb-backend/handlers/chore.go:41.2,41.80 1 0
cribb-backend/handlers/chore.go:41.80,44.3 2 0
cribb-backend/handlers/chore.go:46.2,46.24 1 0
cribb-backend/handlers/chore.go:46.24,48.3 1 0
cribb-backend/handlers/chore.go:51.2,57.16 3 0
cribb-backend/handlers/chore.go:57.16,58.43 1 0
cribb-backend/handlers/chore.go:58.43,60.4 1 0
cribb-backend/handlers/chore.go:60.9,62.4 1 0
cribb-backend/handlers/chore.go:63.3,63.9 1 0
cribb-backend/handlers/chore.go:67.2,73.16 3 0
cribb-backend/handlers/chore.go:73.16,74.43 1 0
cribb-backend/handlers/chore.go:74.43,76.4 1 0
cribb-backend/handlers/chore.go:76.9,78.4 1 0
cribb-backend/handlers/chore.go:79.3,79.9 1 0
cribb-backend/handlers/chore.go:83.2,83.30 1 0
cribb-backend/handlers/chore.go:83.30,86.3 2 0
cribb-backend/handlers/chore.go:89.2,100.16 3 0
cribb-backend/handlers/chore.go:100.16,104.3 3 0
cribb-backend/handlers/chore.go:107.2,111.34 4 0
cribb-backend/handlers/chore.go:116.74,117.33 1 0
cribb-backend/handlers/chore.go:117.33,120.3 2 0
cribb-backend/handlers/chore.go:122.2,130.65 2 0
cribb-backend/handlers/chore.go:130.65,133.3 2 0
cribb-backend/handlers/chore.go:136.2,136.79 1 0
cribb-backend/handlers/chore.go:136.79,139.3 2 0
cribb-backend/handlers/chore.go:142.2,149.42 2 0
cribb-backend/handlers/chore.go:149.42,152.3 2 0
cribb-backend/handlers/chore.go:154.2,154.24 1 0
cribb-backend/handlers/chore.go:154.24,156.3 1 0
cribb-backend/handlers/chore.go:159.2,165.16 3 0
cribb-backend/handlers/chore.go:165.16,166.43 1 0
cribb-backend/handlers/chore.go:166.43,168.4 1 0
cribb-backend/handlers/chore.go:168.9,170.4 1 0
cribb-backend/handlers/chore.go:171.3,171.9 1 0
cribb-backend/handlers/chore.go:175.2,179.16 2 0
cribb-backend/handlers/chore.go:179.16,182.3 2 0
cribb-backend/handlers/chore.go:183.2,186.64 3 0
cribb-backend/handlers/chore.go:186.64,189.3 2 0
cribb-backend/handlers/chore.go:191.2,191.21 1 0
cribb-backend/handlers/chore.go:191.21,194.3 2 0
cribb-backend/handlers/chore.go:197.2,198.29 2 0
cribb-backend/handlers/chore.go:198.29,200.3 1 0
cribb-backend/handlers/chore.go:203.2,214.27 3 0
cribb-backend/handlers/chore.go:215.15,216.50 1 0
cribb-backend/handlers/chore.go:217.16,218.54 1 0
cribb-backend/handlers/chore.go:219.18,220.55 1 0
cribb-backend/handlers/chore.go:221.17,222.47 1 0
cribb-backend/handlers/chore.go:224.2,228.16 3 0
cribb-backend/handlers/chore.go:228.16,232.3 3 0
cribb-backend/handlers/chore.go:235.2,242.16 4 0
cribb-backend/handlers/chore.go:242.16,245.3 1 0
cribb-backend/handlers/chore.go:247.2,249.43 3 0
cribb-backend/handlers/chore.go:252.67,253.32 1 0
cribb-backend/handlers/chore.go:253.32,256.3 2 0
cribb-backend/handlers/chore.go:258.2,259.20 2 0
cribb-backend/handlers/chore.go:259.20,262.3 2 0
cribb-backend/handlers/chore.go:265.2,271.16 3 0
cribb-backend/handlers/chore.go:271.16,272.43 1 0
cribb-backend/handlers/chore.go:272.43,274.4 1 0
cribb-backend/handlers/chore.go:274.9,276.4 1 0
cribb-backend/handlers/chore.go:277.3,277.9 1 0
cribb-backend/handlers/chore.go:281.2,288.16 2 0
cribb-backend/handlers/chore.go:288.16,291.3 2 0
cribb-backend/handlers/chore.go:292.2,295.65 3 0
cribb-backend/handlers/chore.go:295.65,298.3 2 0
cribb-backend/handlers/chore.go:301.2,302.31 2 0
cribb-backend/handlers/chore.go:302.31,303.104 1 0
cribb-backend/handlers/chore.go:303.104,312.4 2 0
cribb-backend/handlers/chore.go:315.2,316.35 2 0
cribb-backend/handlers/chore_completion.go:21.67,22.33 1 0
cribb-backend/handlers/chore_completion.go:22.33,25.3 2 0
cribb-backend/handlers/chore_completion.go:27.2,32.65 2 0
cribb-backend/handlers/chore_completion.go:32.65,35.3 2 0
cribb-backend/handlers/chore_completion.go:38.2,38.53 1 0
cribb-backend/handlers/chore_completion.go:38.53,41.3 2 0
cribb-backend/handlers/chore_completion.go:44.2,45.16 2 0
cribb-backend/handlers/chore_completion.go:45.16,48.3 2 0
cribb-backend/handlers/chore_completion.go:51.2,52.16 2 0
cribb-backend/handlers/chore_completion.go:52.16,56.3 3 0
cribb-backend/handlers/chore_completion.go:57.2,60.126 2 0
cribb-backend/handlers/chore_completion.go:60.126,68.17 3 0
cribb-backend/handlers/chore_completion.go:68.17,69.44 1 0
cribb-backend/handlers/chore_completion.go:69.44,71.5 1 0
cribb-backend/handlers/chore_completion.go:72.4,72.19 1 0
cribb-backend/handlers/chore_completion.go:76.3,82.17 3 0
cribb-backend/handlers/chore_completion.go:82.17,83.44 1 0
cribb-backend/handlers/chore_completion.go:83.44,85.5 1 0
cribb-backend/handlers/chore_completion.go:86.4,86.19 1 0
cribb-backend/handlers/chore_completion.go:90.3,90.34 1 0
cribb-backend/handlers/chore_completion.go:90.34,92.4 1 0
cribb-backend/handlers/chore_completion.go:95.3,95.50 1 0
cribb-backend/handlers/chore_completion.go:95.50,97.4 1 0
cribb-backend/handlers/chore_completion.go:99.3,113.17 4 0
cribb-backend/handlers/chore_completion.go:113.17,115.4 1 0
cribb-backend/handlers/chore_completion.go:118.3,128.17 2 0
cribb-backend/handlers/chore_completion.go:128.17,130.4 1 0
cribb-backend/handlers/chore_completion.go:133.3,141.17 2 0
cribb-backend/handlers/chore_completion.go:141.17,143.4 1 0
cribb-backend/handlers/chore_completion.go:146.3,146.77 1 0
cribb-backend/handlers/chore_completion.go:146.77,153.45 3 0
cribb-backend/handlers/chore_completion.go:153.45,156.37 2 0
cribb-backend/handlers/chore_completion.go:157.18,158.46 1 0
cribb-backend/handlers/chore_completion.go:159.19,160.50 1 0
cribb-backend/handlers/chore_completion.go:161.21,162.51 1 0
cribb-backend/handlers/chore_completion.go:163.20,164.43 1 0
cribb-backend/handlers/chore_completion.go:165.13,166.50 1 0
cribb-backend/handlers/chore_completion.go:170.5,180.19 2 0
cribb-backend/handlers/chore_completion.go:180.19,182.6 1 0
cribb-backend/handlers/chore_completion.go:185.5,187.19 3 0
cribb-backend/handlers/chore_completion.go:187.19,189.6 1 0
cribb-backend/handlers/chore_completion.go:193.3,196.9 1 0
cribb-backend/handlers/chore_completion.go:199.2,199.16 1 0
cribb-backend/handlers/chore_completion.go:199.16,203.3 3 0
cribb-backend/handlers/chore_completion.go:206.2,207.35 2 0
cribb-backend/handlers/chore_completion.go:211.68,212.32 1 0
cribb-backend/handlers/chore_completion.go:212.32,215.3 2 0
cribb-backend/handlers/chore_completion.go:217.2,218.21 2 0
cribb-backend/handlers/chore_completion.go:218.21,221.3 2 0
cribb-backend/handlers/chore_completion.go:224.2,230.16 3 0
cribb-backend/handlers/chore_completion.go:230.16,231.43 1 0
cribb-backend/handlers/chore_completion.go:231.43,233.4 1 0
cribb-backend/handlers/chore_completion.go:233.9,235.4 1 0
cribb-backend/handlers/chore_completion.go:236.3,236.9 1 0
cribb-backend/handlers/chore_completion.go:240.2,245.16 2 0
cribb-backend/handlers/chore_completion.go:245.16,248.3 2 0
cribb-backend/handlers/chore_completion.go:249.2,252.65 3 0
cribb-backend/handlers/chore_completion.go:252.65,255.3 2 0
cribb-backend/handlers/chore_completion.go:258.2,259.31 2 0
cribb-backend/handlers/chore_completion.go:259.31,263.30 1 0
cribb-backend/handlers/chore_completion.go:263.30,267.40 2 0
cribb-backend/handlers/chore_completion.go:267.40,273.19 2 0
cribb-backend/handlers/chore_completion.go:273.19,275.6 1 0
cribb-backend/handlers/chore_completion.go:281.2,288.31 3 0
cribb-backend/handlers/chore_completion.go:288.31,294.33 2 0
cribb-backend/handlers/chore_completion.go:294.33,301.18 3 0
cribb-backend/handlers/chore_completion.go:301.18,303.5 1 0
cribb-backend/handlers/chore_completion.go:306.3,306.71 1 0
cribb-backend/handlers/chore_completion.go:309.2,310.48 2 0
cribb-backend/handlers/chore_completion.go:314.77,315.32 1 0
cribb-backend/handlers/chore_completion.go:315.32,318.3 2 0
cribb-backend/handlers/chore_completion.go:320.2,321.21 2 0
cribb-backend/handlers/chore_completion.go:321.21,324.3 2 0
cribb-backend/handlers/chore_completion.go:327.2,333.16 3 0
cribb-backend/handlers/chore_completion.go:333.16,334.43 1 0
cribb-backend/handlers/chore_completion.go:334.43,336.4 1 0
cribb-backend/handlers/chore_completion.go:336.9,338.4 1 0
cribb-backend/handlers/chore_completion.go:339.3,339.9 1 0
cribb-backend/handlers/chore_completion.go:343.2,350.16 2 0
cribb-backend/handlers/chore_completion.go:350.16,353.3 2 0
cribb-backend/handlers/chore_completion.go:354.2,357.74 3 0
cribb-backend/handlers/chore_completion.go:357.74,360.3 2 0
cribb-backend/handlers/chore_completion.go:362.2,363.44 2 0
cribb-backend/handlers/chore_management.go:20.65,21.32 1 0
cribb-backend/handlers/chore_management.go:21.32,24.3 2 0
cribb-backend/handlers/chore_management.go:26.2,35.65 2 0
cribb-backend/handlers/chore_management.go:35.65,38.3 2 0
cribb-backend/handlers/chore_management.go:41.2,41.27 1 0
cribb-backend/handlers/chore_management.go:41.27,44.3 2 0
cribb-backend/handlers/chore_management.go:47.2,48.16 2 0
cribb-backend/handlers/chore_management.go:48.16,51.3 2 0
cribb-backend/handlers/chore_management.go:54.2,60.16 3 0
cribb-backend/handlers/chore_management.go:60.16,61.43 1 0
cribb-backend/handlers/chore_management.go:61.43,63.4 1 0
cribb-backend/handlers/chore_management.go:63.9,65.4 1 0
cribb-backend/handlers/chore_management.go:66.3,66.9 1 0
cribb-backend/handlers/chore_management.go:70.2,70.49 1 0
cribb-backend/handlers/chore_management.go:70.49,73.3 2 0
cribb-backend/handlers/chore_management.go:76.2,81.25 2 0
cribb-backend/handlers/chore_management.go:81.25,83.3 1 0
cribb-backend/handlers/chore_management.go:85.2,85.31 1 0
cribb-backend/handlers/chore_management.go:85.31,87.3 1 0
cribb-backend/handlers/chore_management.go:89.2,89.31 1 0
cribb-backend/handlers/chore_management.go:89.31,91.3 1 0
cribb-backend/handlers/chore_management.go:93.2,93.24 1 0
cribb-backend/handlers/chore_management.go:93.24,95.3 1 0
cribb-backend/handlers/chore_management.go:98.2,98.30 1 0
cribb-backend/handlers/chore_management.go:98.30,105.17 3 0
cribb-backend/handlers/chore_management.go:105.17,106.44 1 0
cribb-backend/handlers/chore_management.go:106.44,108.5 1 0
cribb-backend/handlers/chore_management.go:108.10,110.5 1 0
cribb-backend/handlers/chore_management.go:111.4,111.10 1 0
cribb-backend/handlers/chore_management.go:115.3,115.36 1 0
cribb-backend/handlers/chore_management.go:115.36,118.4 2 0
cribb-backend/handlers/chore_management.go:120.3,120.40 1 0
cribb-backend/handlers/chore_management.go:124.2,130.16 2 0
cribb-backend/handlers/chore_management.go:130.16,134.3 3 0
cribb-backend/handlers/chore_management.go:136.2,136.31 1 0
cribb-backend/handlers/chore_management.go:136.31,139.3 2 0
cribb-backend/handlers/chore_management.go:142.2,148.16 3 0
cribb-backend/handlers/chore_management.go:148.16,157.3 5 0
cribb-backend/handlers/chore_management.go:159.2,161.41 3 0
cribb-backend/handlers/chore_management.go:165.65,166.35 1 0
cribb-backend/handlers/chore_management.go:166.35,169.3 2 0
cribb-backend/handlers/chore_management.go:171.2,172.19 2 0
cribb-backend/handlers/chore_management.go:172.19,175.3 2 0
cribb-backend/handlers/chore_management.go:178.2,179.16 2 0
cribb-backend/handlers/chore_management.go:179.16,182.3 2 0
cribb-backend/handlers/chore_management.go:185.2,191.16 3 0
cribb-backend/handlers/chore_management.go:191.16,192.43 1 0
cribb-backend/handlers/chore_management.go:192.43,194.4 1 0
cribb-backend/handlers/chore_management.go:194.9,196.4 1 0
cribb-backend/handlers/chore_management.go:197.3,197.9 1 0
cribb-backend/handlers/chore_management.go:201.2,206.16 2 0
cribb-backend/handlers/chore_management.go:206.16,210.3 3 0
cribb-backend/handlers/chore_management.go:212.2,212.30 1 0
cribb-backend/handlers/chore_management.go:212.30,215.3 2 0
cribb-backend/handlers/chore_management.go:217.2,221.4 3 0
cribb-backend/handlers/chore_management.go:225.74,226.32 1 0
cribb-backend/handlers/chore_management.go:226.32,229.3 2 0
cribb-backend/handlers/chore_management.go:231.2,240.65 2 0
cribb-backend/handlers/chore_management.go:240.65,243.3 2 0
cribb-backend/handlers/chore_management.go:246.2,246.36 1 0
cribb-backend/handlers/chore_management.go:246.36,249.3 2 0
cribb-backend/handlers/chore_management.go:252.2,253.16 2 0
cribb-backend/handlers/chore_management.go:253.16,256.3 2 0
cribb-backend/handlers/chore_management.go:259.2,265.16 3 0
cribb-backend/handlers/chore_management.go:265.16,266.43 1 0
cribb-backend/handlers/chore_management.go:266.43,268.4 1 0
cribb-backend/handlers/chore_management.go:268.9,270.4 1 0
cribb-backend/handlers/chore_management.go:271.3,271.9 1 0
cribb-backend/handlers/chore_management.go:275.2,275.29 1 0
cribb-backend/handlers/chore_management.go:275.29,283.43 2 0
cribb-backend/handlers/chore_management.go:283.43,286.4 2 0
cribb-backend/handlers/chore_management.go:290.2,295.25 2 0
cribb-backend/handlers/chore_management.go:295.25,297.3 1 0
cribb-backend/handlers/chore_management.go:299.2,299.31 1 0
cribb-backend/handlers/chore_management.go:299.31,301.3 1 0
cribb-backend/handlers/chore_management.go:303.2,303.29 1 0
cribb-backend/handlers/chore_management.go:303.29,305.3 1 0
cribb-backend/handlers/chore_management.go:307.2,307.24 1 0
cribb-backend/handlers/chore_management.go:307.24,309.3 1 0
cribb-backend/handlers/chore_management.go:311.2,311.29 1 0
cribb-backend/handlers/chore_management.go:311.29,313.3 1 0
cribb-backend/handlers/chore_management.go:316.2,322.16 2 0
cribb-backend/handlers/chore_management.go:322.16,326.3 3 0
cribb-backend/handlers/chore_management.go:328.2,328.31 1 0
cribb-backend/handlers/chore_management.go:328.31,331.3 2 0
cribb-backend/handlers/chore_management.go:334.2,340.16 3 0
cribb-backend/handlers/chore_management.go:340.16,349.3 5 0
cribb-backend/handlers/chore_management.go:351.2,353.50 3 0
cribb-backend/handlers/chore_management.go:357.74,358.35 1 0
cribb-backend/handlers/chore_management.go:358.35,361.3 2 0
cribb-backend/handlers/chore_management.go:363.2,364.28 2 0
cribb-backend/handlers/chore_management.go:364.28,367.3 2 0
cribb-backend/handlers/chore_management.go:370.2,371.16 2 0
cribb-backend/handlers/chore_management.go:371.16,374.3 2 0
cribb-backend/handlers/chore_management.go:377.2,378.16 2 0
cribb-backend/handlers/chore_management.go:378.16,382.3 3 0
cribb-backend/handlers/chore_management.go:383.2,386.120 2 0
cribb-backend/handlers/chore_management.go:386.120,393.17 2 0
cribb-backend/handlers/chore_management.go:393.17,395.4 1 0
cribb-backend/handlers/chore_management.go:397.3,397.31 1 0
cribb-backend/handlers/chore_management.go:397.31,399.4 1 0
cribb-backend/handlers/chore_management.go:402.3,410.17 2 0
cribb-backend/handlers/chore_management.go:410.17,412.4 1 0
cribb-backend/handlers/chore_management.go:414.3,414.18 1 0
cribb-backend/handlers/chore_management.go:417.2,417.16 1 0
cribb-backend/handlers/chore_management.go:417.16,418.49 1 0
cribb-backend/handlers/chore_management.go:418.49,420.4 1 0
cribb-backend/handlers/chore_management.go:420.9,423.4 2 0
cribb-backend/handlers/chore_management.go:424.3,424.9 1 0
cribb-backend/handlers/chore_management.go:427.2,431.4 3 0
cribb-backend/handlers/group.go:23.65,24.33 1 0
cribb-backend/handlers/group.go:24.33,27.3 2 0
cribb-backend/handlers/group.go:29.2,30.63 2 0
cribb-backend/handlers/group.go:30.63,33.3 2 0
cribb-backend/handlers/group.go:36.2,40.16 3 0
cribb-backend/handlers/group.go:40.16,41.37 1 0
cribb-backend/handlers/group.go:41.37,43.4 1 0
cribb-backend/handlers/group.go:43.9,46.4 2 0
cribb-backend/handlers/group.go:47.3,47.9 1 0
cribb-backend/handlers/group.go:51.2,55.34 4 0
cribb-backend/handlers/group.go:65.63,66.33 1 0
cribb-backend/handlers/group.go:66.33,69.3 2 0
cribb-backend/handlers/group.go:71.2,72.65 2 0
cribb-backend/handlers/group.go:72.65,75.3 2 0
cribb-backend/handlers/group.go:78.2,79.29 2 0
cribb-backend/handlers/group.go:79.29,81.3 1 0
cribb-backend/handlers/group.go:81.8,81.36 1 0
cribb-backend/handlers/group.go:81.36,83.3 1 0
cribb-backend/handlers/group.go:83.8,86.3 2 0
cribb-backend/handlers/group.go:89.2,90.16 2 0
cribb-backend/handlers/group.go:90.16,94.3 3 0
cribb-backend/handlers/group.go:95.2,98.93 2 0
cribb-backend/handlers/group.go:98.93,107.17 3 0
cribb-backend/handlers/group.go:107.17,108.44 1 0
cribb-backend/handlers/group.go:108.44,110.5 1 0
cribb-backend/handlers/group.go:111.4,112.46 2 0
cribb-backend/handlers/group.go:116.3,123.17 3 0
cribb-backend/handlers/group.go:123.17,124.44 1 0
cribb-backend/handlers/group.go:124.44,126.5 1 0
cribb-backend/handlers/group.go:127.4,128.45 2 0
cribb-backend/handlers/group.go:132.3,139.31 2 0
cribb-backend/handlers/group.go:139.31,141.4 1 0
cribb-backend/handlers/group.go:143.3,153.17 3 0
cribb-backend/handlers/group.go:153.17,156.4 2 0
cribb-backend/handlers/group.go:157.3,157.32 1 0
cribb-backend/handlers/group.go:157.32,159.4 1 0
cribb-backend/handlers/group.go:162.3,171.17 3 0
cribb-backend/handlers/group.go:171.17,174.4 2 0
cribb-backend/handlers/group.go:175.3,175.33 1 0
cribb-backend/handlers/group.go:175.33,177.4 1 0
cribb-backend/handlers/group.go:179.3,179.13 1 0
cribb-backend/handlers/group.go:183.2,183.16 1 0
cribb-backend/handlers/group.go:183.16,185.10 2 0
cribb-backend/handlers/group.go:186.57,187.57 1 0
cribb-backend/handlers/group.go:188.56,189.56 1 0
cribb-backend/handlers/group.go:190.65,191.65 1 0
cribb-backend/handlers/group.go:192.66,193.66 1 0
cribb-backend/handlers/group.go:194.11,195.62 1 0
cribb-backend/handlers/group.go:197.3,197.9 1 0
cribb-backend/handlers/group.go:200.2,203.4 2 0
cribb-backend/handlers/group.go:207.69,208.32 1 0
cribb-backend/handlers/group.go:208.32,211.3 2 0
cribb-backend/handlers/group.go:213.2,217.27 4 0
cribb-backend/handlers/group.go:217.27,219.3 1 0
cribb-backend/handlers/group.go:219.8,219.28 1 0
cribb-backend/handlers/group.go:219.28,221.3 1 0
cribb-backend/handlers/group.go:221.8,224.3 2 0
cribb-backend/handlers/group.go:227.2,229.16 3 0
cribb-backend/handlers/group.go:229.16,230.34 1 0
cribb-backend/handlers/group.go:230.34,232.4 1 0
cribb-backend/handlers/group.go:232.9,234.4 1 0
cribb-backend/handlers/group.go:235.3,235.9 1 0
cribb-backend/handlers/group.go:239.2,240.16 2 0
cribb-backend/handlers/group.go:240.16,243.3 2 0
cribb-backend/handlers/group.go:244.2,247.65 3 0
cribb-backend/handlers/group.go:247.65,250.3 2 0
cribb-backend/handlers/group.go:252.2,253.34 2 0
cribb-backend/handlers/pantry.go:38.67,39.33 1 0
cribb-backend/handlers/pantry.go:39.33,42.3 2 0
cribb-backend/handlers/pantry.go:45.2,46.9 2 0
cribb-backend/handlers/pantry.go:46.9,49.3 2 0
cribb-backend/handlers/pantry.go:51.2,52.65 2 0
cribb-backend/handlers/pantry.go:52.65,55.3 2 0
cribb-backend/handlers/pantry.go:58.2,58.51 1 0
cribb-backend/handlers/pantry.go:58.51,61.3 2 0
cribb-backend/handlers/pantry.go:64.2,65.16 2 0
cribb-backend/handlers/pantry.go:65.16,68.3 2 0
cribb-backend/handlers/pantry.go:71.2,72.16 2 0
cribb-backend/handlers/pantry.go:72.16,75.3 2 0
cribb-backend/handlers/pantry.go:78.2,84.16 3 0
cribb-backend/handlers/pantry.go:84.16,85.43 1 0
cribb-backend/handlers/pantry.go:85.43,87.4 1 0
cribb-backend/handlers/pantry.go:87.9,89.4 1 0
cribb-backend/handlers/pantry.go:90.3,90.9 1 0
cribb-backend/handlers/pantry.go:94.2,95.16 2 0
cribb-backend/handlers/pantry.go:95.16,99.3 3 0
cribb-backend/handlers/pantry.go:100.2,112.93 4 0
cribb-backend/handlers/pantry.go:112.93,120.17 3 0
cribb-backend/handlers/pantry.go:120.17,121.44 1 0
cribb-backend/handlers/pantry.go:121.44,123.5 1 0
cribb-backend/handlers/pantry.go:124.4,124.14 1 0
cribb-backend/handlers/pantry.go:128.3,128.41 1 0
cribb-backend/handlers/pantry.go:128.41,130.4 1 0
cribb-backend/handlers/pantry.go:133.3,133.45 1 0
cribb-backend/handlers/pantry.go:133.45,135.4 1 0
cribb-backend/handlers/pantry.go:138.3,149.17 4 0
cribb-backend/handlers/pantry.go:149.17,151.4 1 0
cribb-backend/handlers/pantry.go:154.3,161.42 5 0
cribb-backend/handlers/pantry.go:161.42,170.18 3 0
cribb-backend/handlers/pantry.go:170.18,173.5 1 0
cribb-backend/handlers/pantry.go:176.3,176.13 1 0
cribb-backend/handlers/pantry.go:179.2,179.16 1 0
cribb-backend/handlers/pantry.go:179.16,183.3 3 0
cribb-backend/handlers/pantry.go:186.2,193.16 4 0
cribb-backend/handlers/pantry.go:193.16,202.3 1 0
cribb-backend/handlers/pantry.go:204.2,206.37 3 0
cribb-backend/handlers/pantry.go:209.67,210.33 1 0
cribb-backend/handlers/pantry.go:210.33,213.3 2 0
cribb-backend/handlers/pantry.go:216.2,217.9 2 0
cribb-backend/handlers/pantry.go:217.9,220.3 2 0
cribb-backend/handlers/pantry.go:222.2,223.65 2 0
cribb-backend/handlers/pantry.go:223.65,226.3 2 0
cribb-backend/handlers/pantry.go:229.2,229.97 1 0
cribb-backend/handlers/pantry.go:229.97,232.3 2 0
cribb-backend/handlers/pantry.go:235.2,241.16 3 0
cribb-backend/handlers/pantry.go:241.16,242.43 1 0
cribb-backend/handlers/pantry.go:242.43,244.4 1 0
cribb-backend/handlers/pantry.go:244.9,246.4 1 0
cribb-backend/handlers/pantry.go:247.3,247.9 1 0
cribb-backend/handlers/pantry.go:251.2,252.16 2 0
cribb-backend/handlers/pantry.go:252.16,255.3 2 0
cribb-backend/handlers/pantry.go:258.2,264.16 3 0
cribb-backend/handlers/pantry.go:264.16,265.43 1 0
cribb-backend/handlers/pantry.go:265.43,267.4 1 0
cribb-backend/handlers/pantry.go:267.9,269.4 1 0
cribb-backend/handlers/pantry.go:270.3,270.9 1 0
cribb-backend/handlers/pantry.go:274.2,274.30 1 0
cribb-backend/handlers/pantry.go:274.30,277.3 2 0
cribb-backend/handlers/pantry.go:280.2,281.68 2 0
cribb-backend/handlers/pantry.go:281.68,283.17 2 0
cribb-backend/handlers/pantry.go:283.17,286.4 2 0
cribb-backend/handlers/pantry.go:290.2,291.16 2 0
cribb-backend/handlers/pantry.go:291.16,295.3 3 0
cribb-backend/handlers/pantry.go:296.2,303.93 5 0
cribb-backend/handlers/pantry.go:303.93,313.32 2 0
cribb-backend/handlers/pantry.go:313.32,315.59 1 0
cribb-backend/handlers/pantry.go:315.59,317.5 1 0
cribb-backend/handlers/pantry.go:319.4,325.30 5 0
cribb-backend/handlers/pantry.go:325.30,327.5 1 0
cribb-backend/handlers/pantry.go:328.4,328.32 1 0
cribb-backend/handlers/pantry.go:328.32,330.5 1 0
cribb-backend/handlers/pantry.go:331.4,338.18 3 0
cribb-backend/handlers/pantry.go:338.18,340.5 1 0
cribb-backend/handlers/pantry.go:341.9,341.65 1 0
cribb-backend/handlers/pantry.go:341.65,344.22 2 0
cribb-backend/handlers/pantry.go:344.22,346.5 1 0
cribb-backend/handlers/pantry.go:348.4,359.18 3 0
cribb-backend/handlers/pantry.go:359.18,361.5 1 0
cribb-backend/handlers/pantry.go:362.4,362.58 1 0
cribb-backend/handlers/pantry.go:363.9,366.4 1 0
cribb-backend/handlers/pantry.go:369.3,369.63 1 0
cribb-backend/handlers/pantry.go:369.63,378.18 3 0
cribb-backend/handlers/pantry.go:378.18,381.5 1 0
cribb-backend/handlers/pantry.go:384.3,384.13 1 0
cribb-backend/handlers/pantry.go:387.2,387.16 1 0
cribb-backend/handlers/pantry.go:387.16,391.3 3 0
cribb-backend/handlers/pantry.go:394.2,394.15 1 0
cribb-backend/handlers/pantry.go:394.15,403.3 1 0
cribb-backend/handlers/pantry.go:403.8,405.38 1 0
cribb-backend/handlers/pantry.go:405.38,414.4 1 0
cribb-backend/handlers/pantry.go:417.2,419.39 3 0
cribb-backend/handlers/pantry.go:423.68,424.32 1 0
cribb-backend/handlers/pantry.go:424.32,427.3 2 0
cribb-backend/handlers/pantry.go:430.2,431.9 2 0
cribb-backend/handlers/pantry.go:431.9,434.3 2 0
cribb-backend/handlers/pantry.go:437.2,441.21 3 0
cribb-backend/handlers/pantry.go:441.21,444.3 2 0
cribb-backend/handlers/pantry.go:447.2,453.16 3 0
cribb-backend/handlers/pantry.go:453.16,454.43 1 0
cribb-backend/handlers/pantry.go:454.43,456.4 1 0
cribb-backend/handlers/pantry.go:456.9,458.4 1 0
cribb-backend/handlers/pantry.go:459.3,459.9 1 0
cribb-backend/handlers/pantry.go:463.2,464.16 2 0
cribb-backend/handlers/pantry.go:464.16,467.3 2 0
cribb-backend/handlers/pantry.go:470.2,476.16 3 0
cribb-backend/handlers/pantry.go:476.16,477.43 1 0
cribb-backend/handlers/pantry.go:477.43,479.4 1 0
cribb-backend/handlers/pantry.go:479.9,481.4 1 0
cribb-backend/handlers/pantry.go:482.3,482.9 1 0
cribb-backend/handlers/pantry.go:486.2,486.30 1 0
cribb-backend/handlers/pantry.go:486.30,489.3 2 0
cribb-backend/handlers/pantry.go:492.2,493.20 2 0
cribb-backend/handlers/pantry.go:493.20,495.3 1 0
cribb-backend/handlers/pantry.go:498.2,508.16 3 0
cribb-backend/handlers/pantry.go:508.16,511.3 2 0
cribb-backend/handlers/pantry.go:512.2,515.70 3 0
cribb-backend/handlers/pantry.go:515.70,518.3 2 0
cribb-backend/handlers/pantry.go:521.2,529.35 3 0
cribb-backend/handlers/pantry.go:529.35,543.17 4 0
cribb-backend/handlers/pantry.go:543.17,545.4 1 0
cribb-backend/handlers/pantry.go:547.3,547.44 1 0
cribb-backend/handlers/pantry.go:550.2,551.37 2 0
cribb-backend/handlers/pantry.go:555.70,556.35 1 0
cribb-backend/handlers/pantry.go:556.35,559.3 2 0
cribb-backend/handlers/pantry.go:562.2,563.9 2 0
cribb-backend/handlers/pantry.go:563.9,566.3 2 0
cribb-backend/handlers/pantry.go:569.2,570.21 2 0
cribb-backend/handlers/pantry.go:570.21,573.3 2 0
cribb-backend/handlers/pantry.go:576.2,577.16 2 0
cribb-backend/handlers/pantry.go:577.16,580.3 2 0
cribb-backend/handlers/pantry.go:583.2,584.16 2 0
cribb-backend/handlers/pantry.go:584.16,587.3 2 0
cribb-backend/handlers/pantry.go:590.2,596.16 3 0
cribb-backend/handlers/pantry.go:596.16,597.43 1 0
cribb-backend/handlers/pantry.go:597.43,599.4 1 0
cribb-backend/handlers/pantry.go:599.9,601.4 1 0
cribb-backend/handlers/pantry.go:602.3,602.9 1 0
cribb-backend/handlers/pantry.go:606.2,616.16 6 0
cribb-backend/handlers/pantry.go:616.16,620.3 3 0
cribb-backend/handlers/pantry.go:623.2,624.16 2 0
cribb-backend/handlers/pantry.go:624.16,628.3 3 0
cribb-backend/handlers/pantry.go:629.2,632.93 2 0
cribb-backend/handlers/pantry.go:632.93,640.17 3 0
cribb-backend/handlers/pantry.go:640.17,641.44 1 0
cribb-backend/handlers/pantry.go:641.44,643.5 1 0
cribb-backend/handlers/pantry.go:644.4,644.14 1 0
cribb-backend/handlers/pantry.go:648.3,648.41 1 0
cribb-backend/handlers/pantry.go:648.41,650.4 1 0
cribb-backend/handlers/pantry.go:653.3,657.17 2 0
cribb-backend/handlers/pantry.go:657.17,659.4 1 0
cribb-backend/handlers/pantry.go:662.3,666.17 2 0
cribb-backend/handlers/pantry.go:666.17,669.4 1 0
cribb-backend/handlers/pantry.go:671.3,671.13 1 0
cribb-backend/handlers/pantry.go:674.2,674.16 1 0
cribb-backend/handlers/pantry.go:674.16,678.3 3 0
cribb-backend/handlers/pantry.go:681.2,681.20 1 0
cribb-backend/handlers/pantry.go:681.20,690.3 1 0
cribb-backend/handlers/pantry.go:692.2,696.4 3 0
cribb-backend/handlers/pantry_management.go:23.71,24.32 1 0
cribb-backend/handlers/pantry_management.go:24.32,27.3 2 0
cribb-backend/handlers/pantry_management.go:30.2,31.9 2 0
cribb-backend/handlers/pantry_management.go:31.9,34.3 2 0
cribb-backend/handlers/pantry_management.go:37.2,41.40 3 0
cribb-backend/handlers/pantry_management.go:41.40,44.3 2 0
cribb-backend/handlers/pantry_management.go:47.2,48.16 2 0
cribb-backend/handlers/pantry_management.go:48.16,51.3 2 0
cribb-backend/handlers/pantry_management.go:54.2,60.16 3 0
cribb-backend/handlers/pantry_management.go:60.16,61.43 1 0
cribb-backend/handlers/pantry_management.go:61.43,63.4 1 0
cribb-backend/handlers/pantry_management.go:63.9,65.4 1 0
cribb-backend/handlers/pantry_management.go:66.3,66.9 1 0
cribb-backend/handlers/pantry_management.go:70.2,71.21 2 0
cribb-backend/handlers/pantry_management.go:71.21,73.3 1 0
cribb-backend/handlers/pantry_management.go:73.8,75.3 1 0
cribb-backend/handlers/pantry_management.go:77.2,83.16 3 0
cribb-backend/handlers/pantry_management.go:83.16,84.43 1 0
cribb-backend/handlers/pantry_management.go:84.43,86.4 1 0
cribb-backend/handlers/pantry_management.go:86.9,88.4 1 0
cribb-backend/handlers/pantry_management.go:89.3,89.9 1 0
cribb-backend/handlers/pantry_management.go:93.2,93.30 1 0
cribb-backend/handlers/pantry_management.go:93.30,96.3 2 0
cribb-backend/handlers/pantry_management.go:99.2,109.16 3 0
cribb-backend/handlers/pantry_management.go:109.16,112.3 2 0
cribb-backend/handlers/pantry_management.go:113.2,116.72 3 0
cribb-backend/handlers/pantry_management.go:116.72,119.3 2 0
cribb-backend/handlers/pantry_management.go:122.2,130.45 3 0
cribb-backend/handlers/pantry_management.go:130.45,145.17 4 0
cribb-backend/handlers/pantry_management.go:145.17,148.4 2 0
cribb-backend/handlers/pantry_management.go:150.3,150.47 1 0
cribb-backend/handlers/pantry_management.go:153.2,154.37 2 0
cribb-backend/handlers/pantry_management.go:158.71,159.32 1 0
cribb-backend/handlers/pantry_management.go:159.32,162.3 2 0
cribb-backend/handlers/pantry_management.go:165.2,166.9 2 0
cribb-backend/handlers/pantry_management.go:166.9,169.3 2 0
cribb-backend/handlers/pantry_management.go:172.2,176.40 3 0
cribb-backend/handlers/pantry_management.go:176.40,179.3 2 0
cribb-backend/handlers/pantry_management.go:182.2,183.16 2 0
cribb-backend/handlers/pantry_management.go:183.16,186.3 2 0
cribb-backend/handlers/pantry_management.go:189.2,195.16 3 0
cribb-backend/handlers/pantry_management.go:195.16,196.43 1 0
cribb-backend/handlers/pantry_management.go:196.43,198.4 1 0
cribb-backend/handlers/pantry_management.go:198.9,200.4 1 0
cribb-backend/handlers/pantry_management.go:201.3,201.9 1 0
cribb-backend/handlers/pantry_management.go:205.2,206.21 2 0
cribb-backend/handlers/pantry_management.go:206.21,208.3 1 0
cribb-backend/handlers/pantry_management.go:208.8,210.3 1 0
cribb-backend/handlers/pantry_management.go:212.2,218.16 3 0
cribb-backend/handlers/pantry_management.go:218.16,219.43 1 0
cribb-backend/handlers/pantry_management.go:219.43,221.4 1 0
cribb-backend/handlers/pantry_management.go:221.9,223.4 1 0
cribb-backend/handlers/pantry_management.go:224.3,224.9 1 0
cribb-backend/handlers/pantry_management.go:228.2,228.30 1 0
cribb-backend/handlers/pantry_management.go:228.30,231.3 2 0
cribb-backend/handlers/pantry_management.go:234.2,250.16 3 0
cribb-backend/handlers/pantry_management.go:250.16,253.3 2 0
cribb-backend/handlers/pantry_management.go:254.2,257.72 3 0
cribb-backend/handlers/pantry_management.go:257.72,260.3 2 0
cribb-backend/handlers/pantry_management.go:263.2,273.45 3 0
cribb-backend/handlers/pantry_management.go:273.45,286.17 4 0
cribb-backend/handlers/pantry_management.go:286.17,291.4 4 0
cribb-backend/handlers/pantry_management.go:293.3,293.48 1 0
cribb-backend/handlers/pantry_management.go:296.2,297.37 2 0
cribb-backend/handlers/pantry_management.go:301.74,302.33 1 0
cribb-backend/handlers/pantry_management.go:302.33,305.3 2 0
cribb-backend/handlers/pantry_management.go:308.2,309.9 2 0
cribb-backend/handlers/pantry_management.go:309.9,312.3 2 0
cribb-backend/handlers/pantry_management.go:314.2,318.65 2 0
cribb-backend/handlers/pantry_management.go:318.65,321.3 2 0
cribb-backend/handlers/pantry_management.go:324.2,324.34 1 0
cribb-backend/handlers/pantry_management.go:324.34,327.3 2 0
cribb-backend/handlers/pantry_management.go:330.2,331.16 2 0
cribb-backend/handlers/pantry_management.go:331.16,334.3 2 0
cribb-backend/handlers/pantry_management.go:337.2,338.16 2 0
cribb-backend/handlers/pantry_management.go:338.16,341.3 2 0
cribb-backend/handlers/pantry_management.go:344.2,350.16 3 0
cribb-backend/handlers/pantry_management.go:350.16,351.43 1 0
cribb-backend/handlers/pantry_management.go:351.43,353.4 1 0
cribb-backend/handlers/pantry_management.go:353.9,355.4 1 0
cribb-backend/handlers/pantry_management.go:356.3,356.9 1 0
cribb-backend/handlers/pantry_management.go:360.2,366.16 3 0
cribb-backend/handlers/pantry_management.go:366.16,367.43 1 0
cribb-backend/handlers/pantry_management.go:367.43,369.4 1 0
cribb-backend/handlers/pantry_management.go:369.9,371.4 1 0
cribb-backend/handlers/pantry_management.go:372.3,372.9 1 0
cribb-backend/handlers/pantry_management.go:376.2,376.42 1 0
cribb-backend/handlers/pantry_management.go:376.42,379.3 2 0
cribb-backend/handlers/pantry_management.go:382.2,388.16 2 0
cribb-backend/handlers/pantry_management.go:388.16,391.3 2 0
cribb-backend/handlers/pantry_management.go:393.2,397.4 3 0
cribb-backend/handlers/pantry_management.go:401.75,402.32 1 0
cribb-backend/handlers/pantry_management.go:402.32,405.3 2 0
cribb-backend/handlers/pantry_management.go:408.2,409.9 2 0
cribb-backend/handlers/pantry_management.go:409.9,412.3 2 0
cribb-backend/handlers/pantry_management.go:415.2,419.40 3 0
cribb-backend/handlers/pantry_management.go:419.40,422.3 2 0
cribb-backend/handlers/pantry_management.go:425.2,426.16 2 0
cribb-backend/handlers/pantry_management.go:426.16,429.3 2 0
cribb-backend/handlers/pantry_management.go:432.2,438.16 3 0
cribb-backend/handlers/pantry_management.go:438.16,439.43 1 0
cribb-backend/handlers/pantry_management.go:439.43,441.4 1 0
cribb-backend/handlers/pantry_management.go:441.9,443.4 1 0
cribb-backend/handlers/pantry_management.go:444.3,444.9 1 0
cribb-backend/handlers/pantry_management.go:448.2,449.21 2 0
cribb-backend/handlers/pantry_management.go:449.21,451.3 1 0
cribb-backend/handlers/pantry_management.go:451.8,453.3 1 0
cribb-backend/handlers/pantry_management.go:455.2,461.16 3 0
cribb-backend/handlers/pantry_management.go:461.16,462.43 1 0
cribb-backend/handlers/pantry_management.go:462.43,464.4 1 0
cribb-backend/handlers/pantry_management.go:464.9,466.4 1 0
cribb-backend/handlers/pantry_management.go:467.3,467.9 1 0
cribb-backend/handlers/pantry_management.go:471.2,471.30 1 0
cribb-backend/handlers/pantry_management.go:471.30,474.3 2 0
cribb-backend/handlers/pantry_management.go:477.2,478.16 2 0
cribb-backend/handlers/pantry_management.go:478.16,481.3 2 0
cribb-backend/handlers/pantry_management.go:483.2,486.4 2 0
cribb-backend/handlers/pantry_management.go:490.70,491.32 1 0
cribb-backend/handlers/pantry_management.go:491.32,494.3 2 0
cribb-backend/handlers/pantry_management.go:497.2,498.9 2 0
cribb-backend/handlers/pantry_management.go:498.9,501.3 2 0
cribb-backend/handlers/pantry_management.go:504.2,510.40 5 0
cribb-backend/handlers/pantry_management.go:510.40,513.3 2 0
cribb-backend/handlers/pantry_management.go:516.2,517.16 2 0
cribb-backend/handlers/pantry_management.go:517.16,520.3 2 0
cribb-backend/handlers/pantry_management.go:523.2,529.16 3 0
cribb-backend/handlers/pantry_management.go:529.16,530.43 1 0
cribb-backend/handlers/pantry_management.go:530.43,532.4 1 0
cribb-backend/handlers/pantry_management.go:532.9,534.4 1 0
cribb-backend/handlers/pantry_management.go:535.3,535.9 1 0
cribb-backend/handlers/pantry_management.go:539.2,540.21 2 0
cribb-backend/handlers/pantry_management.go:540.21,542.3 1 0
cribb-backend/handlers/pantry_management.go:542.8,544.3 1 0
cribb-backend/handlers/pantry_management.go:546.2,552.16 3 0
cribb-backend/handlers/pantry_management.go:552.16,553.43 1 0
cribb-backend/handlers/pantry_management.go:553.43,555.4 1 0
cribb-backend/handlers/pantry_management.go:555.9,557.4 1 0
cribb-backend/handlers/pantry_management.go:558.3,558.9 1 0
cribb-backend/handlers/pantry_management.go:562.2,562.30 1 0
cribb-backend/handlers/pantry_management.go:562.30,565.3 2 0
cribb-backend/handlers/pantry_management.go:568.2,571.18 2 0
cribb-backend/handlers/pantry_management.go:571.18,573.17 2 0
cribb-backend/handlers/pantry_management.go:573.17,576.4 2 0
cribb-backend/handlers/pantry_management.go:577.3,577.32 1 0
cribb-backend/handlers/pantry_management.go:581.2,592.16 3 0
cribb-backend/handlers/pantry_management.go:592.16,595.3 2 0
cribb-backend/handlers/pantry_management.go:596.2,599.66 3 0
cribb-backend/handlers/pantry_management.go:599.66,602.3 2 0
cribb-backend/handlers/pantry_management.go:604.2,608.4 2 0
cribb-backend/handlers/pantry_management.go:612.72,613.35 1 0
cribb-backend/handlers/pantry_management.go:613.35,616.3 2 0
cribb-backend/handlers/pantry_management.go:619.2,620.9 2 0
cribb-backend/handlers/pantry_management.go:620.9,623.3 2 0
cribb-backend/handlers/pantry_management.go:626.2,627.29 2 0
cribb-backend/handlers/pantry_management.go:627.29,630.3 2 0
cribb-backend/handlers/pantry_management.go:633.2,634.16 2 0
cribb-backend/handlers/pantry_management.go:634.16,637.3 2 0
cribb-backend/handlers/pantry_management.go:640.2,641.16 2 0
cribb-backend/handlers/pantry_management.go:641.16,644.3 2 0
cribb-backend/handlers/pantry_management.go:647.2,653.16 3 0
cribb-backend/handlers/pantry_management.go:653.16,654.43 1 0
cribb-backend/handlers/pantry_management.go:654.43,656.4 1 0
cribb-backend/handlers/pantry_management.go:656.9,658.4 1 0
cribb-backend/handlers/pantry_management.go:659.3,659.9 1 0
cribb-backend/handlers/pantry_management.go:663.2,669.16 3 0
cribb-backend/handlers/pantry_management.go:669.16,670.43 1 0
cribb-backend/handlers/pantry_management.go:670.43,672.4 1 0
cribb-backend/handlers/pantry_management.go:672.9,674.4 1 0
cribb-backend/handlers/pantry_management.go:675.3,675.9 1 0
cribb-backend/handlers/pantry_management.go:679.2,679.42 1 0
cribb-backend/handlers/pantry_management.go:679.42,682.3 2 0
cribb-backend/handlers/pantry_management.go:685.2,690.16 2 0
cribb-backend/handlers/pantry_management.go:690.16,693.3 2 0
cribb-backend/handlers/pantry_management.go:695.2,695.30 1 0
cribb-backend/handlers/pantry_management.go:695.30,698.3 2 0
cribb-backend/handlers/pantry_management.go:700.2,704.4 3 0
cribb-backend/handlers/pantry_management.go:708.147,725.16 3 0
cribb-backend/handlers/pantry_management.go:725.16,727.3 1 0
cribb-backend/handlers/pantry_management.go:731.147,748.16 3 0
cribb-backend/handlers/pantry_management.go:748.16,750.3 1 0
cribb-backend/handlers/pantry_management.go:754.150,771.16 3 0
cribb-backend/handlers/pantry_management.go:771.16,773.3 1 0
cribb-backend/handlers/user.go:16.62,17.32 1 0
cribb-backend/handlers/user.go:17.32,20.3 2 0
cribb-backend/handlers/user.go:23.2,24.16 2 0
cribb-backend/handlers/user.go:24.16,27.3 2 0
cribb-backend/handlers/user.go:28.2,31.64 3 0
cribb-backend/handlers/user.go:31.64,34.3 2 0
cribb-backend/handlers/user.go:36.2,37.34 2 0
cribb-backend/handlers/user.go:40.71,41.32 1 0
cribb-backend/handlers/user.go:41.32,44.3 2 0
cribb-backend/handlers/user.go:47.2,48.20 2 0
cribb-backend/handlers/user.go:48.20,51.3 2 0
cribb-backend/handlers/user.go:54.2,56.16 3 0
cribb-backend/handlers/user.go:56.16,59.3 2 0
cribb-backend/handlers/user.go:61.2,62.33 2 0
cribb-backend/handlers/user.go:65.69,66.32 1 0
cribb-backend/handlers/user.go:66.32,69.3 2 0
cribb-backend/handlers/user.go:72.2,76.16 3 0
cribb-backend/handlers/user.go:76.16,79.3 2 0
cribb-backend/handlers/user.go:80.2,83.64 3 0
cribb-backend/handlers/user.go:83.64,86.3 2 0
cribb-backend/handlers/user.go:88.2,89.34 2 0
cribb-backend/jobs/chore_scheduler.go:16.28,27.12 5 0
cribb-backend/jobs/chore_scheduler.go:27.12,28.22 1 0
cribb-backend/jobs/chore_scheduler.go:28.22,31.4 2 0
cribb-backend/jobs/chore_scheduler.go:36.31,49.16 4 0
cribb-backend/jobs/chore_scheduler.go:49.16,52.3 2 0
cribb-backend/jobs/chore_scheduler.go:53.2,56.74 3 0
cribb-backend/jobs/chore_scheduler.go:56.74,59.3 2 0
cribb-backend/jobs/chore_scheduler.go:61.2,61.49 1 0
cribb-backend/jobs/chore_scheduler.go:61.49,64.17 2 0
cribb-backend/jobs/chore_scheduler.go:64.17,66.12 2 0
cribb-backend/jobs/chore_scheduler.go:70.3,70.51 1 0
cribb-backend/jobs/chore_scheduler.go:70.51,74.106 2 0
cribb-backend/jobs/chore_scheduler.go:74.106,82.19 3 0
cribb-backend/jobs/chore_scheduler.go:82.19,84.6 1 0
cribb-backend/jobs/chore_scheduler.go:87.5,87.63 1 0
cribb-backend/jobs/chore_scheduler.go:87.63,89.6 1 0
cribb-backend/jobs/chore_scheduler.go:92.5,94.19 3 0
cribb-backend/jobs/chore_scheduler.go:94.19,96.6 1 0
cribb-backend/jobs/chore_scheduler.go:99.5,100.30 2 0
cribb-backend/jobs/chore_scheduler.go:101.18,102.46 1 0
cribb-backend/jobs/chore_scheduler.go:103.19,104.50 1 0
cribb-backend/jobs/chore_scheduler.go:105.21,106.51 1 0
cribb-backend/jobs/chore_scheduler.go:107.20,108.43 1 0
cribb-backend/jobs/chore_scheduler.go:109.13,110.50 1 0
cribb-backend/jobs/chore_scheduler.go:114.5,125.19 2 0
cribb-backend/jobs/chore_scheduler.go:125.19,127.6 1 0
cribb-backend/jobs/chore_scheduler.go:129.5,130.20 2 0
cribb-backend/jobs/chore_scheduler.go:133.4,133.18 1 0
cribb-backend/jobs/chore_scheduler.go:133.18,135.5 1 0
cribb-backend/jobs/chore_scheduler.go:139.2,139.67 1 0
cribb-backend/jobs/chore_scheduler.go:143.28,163.16 4 0
cribb-backend/jobs/chore_scheduler.go:163.16,166.3 2 0
cribb-backend/jobs/chore_scheduler.go:168.2,168.30 1 0
cribb-backend/jobs/chore_scheduler.go:168.30,170.3 1 0
cribb-backend/jobs/chore_scheduler.go:170.8,172.3 1 0
cribb-backend/jobs/pantry_jobs.go:17.24,28.12 5 0
cribb-backend/jobs/pantry_jobs.go:28.12,29.22 1 0
cribb-backend/jobs/pantry_jobs.go:29.22,32.4 2 0
cribb-backend/jobs/pantry_jobs.go:37.27,56.16 5 0
cribb-backend/jobs/pantry_jobs.go:56.16,59.3 2 0
cribb-backend/jobs/pantry_jobs.go:60.2,63.72 3 0
cribb-backend/jobs/pantry_jobs.go:63.72,66.3 2 0
cribb-backend/jobs/pantry_jobs.go:69.2,69.37 1 0
cribb-backend/jobs/pantry_jobs.go:69.37,82.17 2 0
cribb-backend/jobs/pantry_jobs.go:82.17,84.12 2 0
cribb-backend/jobs/pantry_jobs.go:88.3,88.17 1 0
cribb-backend/jobs/pantry_jobs.go:88.17,102.18 3 0
cribb-backend/jobs/pantry_jobs.go:102.18,104.5 1 0
cribb-backend/jobs/pantry_jobs.go:104.10,106.5 1 0
cribb-backend/jobs/pantry_jobs.go:111.2,120.16 2 0
cribb-backend/jobs/pantry_jobs.go:120.16,123.3 2 0
cribb-backend/jobs/pantry_jobs.go:124.2,127.71 3 0
cribb-backend/jobs/pantry_jobs.go:127.71,130.3 2 0
cribb-backend/jobs/pantry_jobs.go:133.2,133.36 1 0
cribb-backend/jobs/pantry_jobs.go:133.36,146.17 2 0
cribb-backend/jobs/pantry_jobs.go:146.17,148.12 2 0
cribb-backend/jobs/pantry_jobs.go:152.3,152.17 1 0
cribb-backend/jobs/pantry_jobs.go:152.17,166.18 3 0
cribb-backend/jobs/pantry_jobs.go:166.18,168.5 1 0
cribb-backend/jobs/pantry_jobs.go:168.10,170.5 1 0
cribb-backend/jobs/pantry_jobs.go:174.2,175.41 1 0
cribb-backend/jobs/pantry_jobs.go:179.27,197.16 4 0
cribb-backend/jobs/pantry_jobs.go:197.16,200.3 2 0
cribb-backend/jobs/pantry_jobs.go:201.2,204.72 3 0
cribb-backend/jobs/pantry_jobs.go:204.72,207.3 2 0
cribb-backend/jobs/pantry_jobs.go:209.2,212.37 2 0
cribb-backend/jobs/pantry_jobs.go:212.37,225.17 2 0
cribb-backend/jobs/pantry_jobs.go:225.17,227.12 2 0
cribb-backend/jobs/pantry_jobs.go:231.3,231.17 1 0
cribb-backend/jobs/pantry_jobs.go:231.17,245.18 3 0
cribb-backend/jobs/pantry_jobs.go:245.18,247.5 1 0
cribb-backend/jobs/pantry_jobs.go:247.10,249.5 1 0
cribb-backend/jobs/pantry_jobs.go:253.2,253.77 1 0
cribb-backend/jobs/pantry_jobs.go:257.89,269.16 2 0
cribb-backend/jobs/pantry_jobs.go:269.16,271.3 1 0
cribb-backend/jobs/pantry_jobs.go:272.2,275.64 3 0
cribb-backend/jobs/pantry_jobs.go:275.64,277.3 1 0
cribb-backend/jobs/pantry_jobs.go:280.2,291.16 2 0
cribb-backend/jobs/pantry_jobs.go:291.16,293.3 1 0
cribb-backend/jobs/pantry_jobs.go:294.2,297.77 3 0
cribb-backend/jobs/pantry_jobs.go:297.77,299.3 1 0
cribb-backend/jobs/pantry_jobs.go:302.2,306.29 3 0
cribb-backend/jobs/pantry_jobs.go:306.29,307.30 1 0
cribb-backend/jobs/pantry_jobs.go:307.30,312.26 3 0
cribb-backend/jobs/pantry_jobs.go:312.26,314.5 1 0
cribb-backend/jobs/pantry_jobs.go:316.4,324.6 1 0
cribb-backend/jobs/pantry_jobs.go:329.2,329.45 1 0
cribb-backend/jobs/pantry_jobs.go:329.45,330.42 1 0
cribb-backend/jobs/pantry_jobs.go:330.42,338.18 3 0
cribb-backend/jobs/pantry_jobs.go:338.18,339.36 1 0
cribb-backend/jobs/pantry_jobs.go:339.36,341.6 1 0
cribb-backend/jobs/pantry_jobs.go:342.5,342.13 1 0
cribb-backend/jobs/pantry_jobs.go:345.4,358.6 3 0
cribb-backend/jobs/pantry_jobs.go:362.2,362.26 1 0
cribb-backend/middleware/auth.go:26.61,27.54 1 0
cribb-backend/middleware/auth.go:27.54,30.23 2 0
cribb-backend/middleware/auth.go:30.23,33.4 2 0
cribb-backend/middleware/auth.go:36.3,37.46 2 0
cribb-backend/middleware/auth.go:37.46,40.4 2 0
cribb-backend/middleware/auth.go:43.3,46.84 2 0
cribb-backend/middleware/auth.go:46.84,48.59 1 0
cribb-backend/middleware/auth.go:48.59,50.5 1 0
cribb-backend/middleware/auth.go:51.4,51.32 1 0
cribb-backend/middleware/auth.go:54.3,54.17 1 0
cribb-backend/middleware/auth.go:54.17,57.4 2 0
cribb-backend/middleware/auth.go:59.3,59.19 1 0
cribb-backend/middleware/auth.go:59.19,62.4 2 0
cribb-backend/middleware/auth.go:65.3,66.10 2 0
cribb-backend/middleware/auth.go:66.10,69.4 2 0
cribb-backend/middleware/auth.go:72.3,79.30 3 0
cribb-backend/middleware/auth.go:84.65,87.2 2 1
cribb-backend/middleware/auth.go:90.61,91.54 1 0
cribb-backend/middleware/auth.go:91.54,100.28 6 0
cribb-backend/middleware/auth.go:100.28,103.4 2 0
cribb-backend/middleware/auth.go:105.3,105.13 1 0
cribb-backend/models/chore.go:69.123,83.2 1 1
cribb-backend/models/chore.go:86.165,100.2 1 1
cribb-backend/models/chore.go:103.64,104.33 1 1
cribb-backend/models/chore.go:104.33,106.3 1 0
cribb-backend/models/chore.go:108.2,110.17 3 1
cribb-backend/models/chore.go:114.70,120.34 3 1
cribb-backend/models/chore.go:121.15,122.40 1 0
cribb-backend/models/chore.go:123.16,124.44 1 1
cribb-backend/models/chore.go:125.18,126.45 1 0
cribb-backend/models/chore.go:127.17,128.37 1 0
cribb-backend/models/chore.go:131.2,144.3 1 1
cribb-backend/models/group.go:22.33,25.22 3 1
cribb-backend/models/group.go:25.22,27.3 1 1
cribb-backend/models/group.go:28.2,28.21 1 1
cribb-backend/models/group.go:31.35,39.2 1 1
cribb-backend/models/group.go:42.54,48.16 3 0
cribb-backend/models/group.go:48.16,50.3 1 0
cribb-backend/models/group.go:51.2,54.48 3 0
cribb-backend/models/group.go:54.48,56.3 1 0
cribb-backend/models/group.go:58.2,58.31 1 0
cribb-backend/models/group.go:58.31,64.17 2 0
cribb-backend/models/group.go:64.17,66.4 1 0
cribb-backend/models/group.go:68.2,68.12 1 0
cribb-backend/models/pantry_history.go:51.18,63.2 1 1
cribb-backend/models/pantry_item.go:32.15,44.2 1 1
cribb-backend/models/pantry_item.go:47.52,48.31 1 0
cribb-backend/models/pantry_item.go:48.31,50.3 1 0
cribb-backend/models/pantry_item.go:52.2,53.91 2 0
cribb-backend/models/pantry_item.go:57.39,58.31 1 1
cribb-backend/models/pantry_item.go:58.31,60.3 1 0
cribb-backend/models/pantry_item.go:62.2,62.44 1 1
cribb-backend/models/pantry_item.go:66.58,69.2 2 1
cribb-backend/models/pantry_notification.go:42.23,52.2 1 0
cribb-backend/models/pantry_notification.go:55.74,57.30 1 0
cribb-backend/models/pantry_notification.go:57.30,58.19 1 0
cribb-backend/models/pantry_notification.go:58.19,60.4 1 0
cribb-backend/models/pantry_notification.go:64.2,64.37 1 0
cribb-backend/models/pantry_notification.go:68.76,69.30 1 1
cribb-backend/models/pantry_notification.go:69.30,70.19 1 0
cribb-backend/models/pantry_notification.go:70.19,72.4 1 0
cribb-backend/models/pantry_notification.go:74.2,74.14 1 1
cribb-backend/test/mocks.go:24.26,35.2 1 1
cribb-backend/test/mocks.go:38.45,40.2 1 1
cribb-backend/test/mocks.go:43.48,45.2 1 1
cribb-backend/test/mocks.go:48.48,50.2 1 1
cribb-backend/test/mocks.go:53.66,55.2 1 1
cribb-backend/test/mocks.go:58.73,60.2 1 1
cribb-backend/test/mocks.go:63.75,64.32 1 1
cribb-backend/test/mocks.go:64.32,65.32 1 1
cribb-backend/test/mocks.go:65.32,67.4 1 1
cribb-backend/test/mocks.go:69.2,69.29 1 0
cribb-backend/test/mocks.go:73.75,74.32 1 1
cribb-backend/test/mocks.go:74.32,75.20 1 1
cribb-backend/test/mocks.go:75.20,77.4 1 1
cribb-backend/test/mocks.go:79.2,79.29 1 0
cribb-backend/test/mocks.go:83.69,84.34 1 1
cribb-backend/test/mocks.go:84.34,85.25 1 1
cribb-backend/test/mocks.go:85.25,87.4 1 1
cribb-backend/test/mocks.go:89.2,89.30 1 0
cribb-backend/test/mocks.go:93.69,94.34 1 1
cribb-backend/test/mocks.go:94.34,95.30 1 1
cribb-backend/test/mocks.go:95.30,97.4 1 1
cribb-backend/test/mocks.go:99.2,99.30 1 0
cribb-backend/test/mocks.go:103.51,104.30 1 1
cribb-backend/test/mocks.go:104.30,105.23 1 1
cribb-backend/test/mocks.go:105.23,108.4 2 1
cribb-backend/test/mocks.go:111.2,111.20 1 0
cribb-backend/test/mocks.go:115.77,116.34 1 1
cribb-backend/test/mocks.go:116.34,117.21 1 1
cribb-backend/test/mocks.go:117.21,119.4 1 1
cribb-backend/test/mocks.go:121.2,121.30 1 1
cribb-backend/test/mocks.go:125.95,126.43 1 0
cribb-backend/test/mocks.go:126.43,127.21 1 0
cribb-backend/test/mocks.go:127.21,129.4 1 0
cribb-backend/test/mocks.go:131.2,131.39 1 0
cribb-backend/test/mocks.go:135.78,137.34 2 1
cribb-backend/test/mocks.go:137.34,138.33 1 1
cribb-backend/test/mocks.go:138.33,140.4 1 1
cribb-backend/test/mocks.go:142.2,142.15 1 1
cribb-backend/test/mocks.go:146.80,148.34 2 1
cribb-backend/test/mocks.go:148.34,149.31 1 1
cribb-backend/test/mocks.go:149.31,151.4 1 1
cribb-backend/test/mocks.go:153.2,153.15 1 1
cribb-backend/test/mocks.go:157.98,159.43 2 1
cribb-backend/test/mocks.go:159.43,160.31 1 1
cribb-backend/test/mocks.go:160.31,162.4 1 1
cribb-backend/test/mocks.go:164.2,164.15 1 1
cribb-backend/test/mocks.go:168.78,170.32 2 1
cribb-backend/test/mocks.go:170.32,171.30 1 1
cribb-backend/test/mocks.go:171.30,173.4 1 1
cribb-backend/test/mocks.go:175.2,175.15 1 1
cribb-backend/test/mocks.go:179.48,180.29 1 1
cribb-backend/test/mocks.go:180.29,181.22 1 1
cribb-backend/test/mocks.go:181.22,184.4 2 1
cribb-backend/test/mocks.go:187.2,187.18 1 0
cribb-backend/test/mocks.go:191.51,192.30 1 1
cribb-backend/test/mocks.go:192.30,193.23 1 1
cribb-backend/test/mocks.go:193.23,196.4 2 1
cribb-backend/test/mocks.go:199.2,199.20 1 0
cribb-backend/test/mocks.go:203.69,204.39 1 0
cribb-backend/test/mocks.go:204.39,205.23 1 0
cribb-backend/test/mocks.go:205.23,208.4 2 0
cribb-backend/test/mocks.go:211.2,211.29 1 0
cribb-backend/test/mocks.go:215.59,216.30 1 1
cribb-backend/test/mocks.go:216.30,217.17 1 1
cribb-backend/test/mocks.go:217.17,220.4 2 1
cribb-backend/test/mocks.go:222.2,222.14 1 0
cribb-backend/test/mocks.go:226.68,227.39 1 0
cribb-backend/test/mocks.go:227.39,228.17 1 0
cribb-backend/test/mocks.go:228.17,231.4 2 0
cribb-backend/test/mocks.go:233.2,233.14 1 0
cribb-backend/test/mocks.go:237.35,252.2 1 1
cribb-backend/test/mocks.go:254.37,263.2 1 1
cribb-backend/test/mocks.go:265.37,280.2 1 1
cribb-backend/test/mocks.go:282.55,297.2 1 0
cribb-backend/test/mocks_pantry.go:14.57,16.27 1 1
cribb-backend/test/mocks_pantry.go:16.27,18.3 1 0
cribb-backend/test/mocks_pantry.go:19.2,19.47 1 1
cribb-backend/test/mocks_pantry.go:23.60,25.27 1 1
cribb-backend/test/mocks_pantry.go:25.27,29.3 3 0
cribb-backend/test/mocks_pantry.go:31.2,31.46 1 1
cribb-backend/test/mocks_pantry.go:31.46,32.33 1 1
cribb-backend/test/mocks_pantry.go:32.33,35.4 2 1
cribb-backend/test/mocks_pantry.go:38.2,38.24 1 0
cribb-backend/test/mocks_pantry.go:42.64,43.27 1 1
cribb-backend/test/mocks_pantry.go:43.27,45.3 1 0
cribb-backend/test/mocks_pantry.go:47.2,47.38 1 1
cribb-backend/test/mocks_pantry.go:47.38,48.20 1 1
cribb-backend/test/mocks_pantry.go:48.20,51.4 2 1
cribb-backend/test/mocks_pantry.go:53.2,53.14 1 0
cribb-backend/test/mocks_pantry.go:57.87,58.27 1 1
cribb-backend/test/mocks_pantry.go:58.27,60.3 1 0
cribb-backend/test/mocks_pantry.go:62.2,62.38 1 1
cribb-backend/test/mocks_pantry.go:62.38,63.20 1 1
cribb-backend/test/mocks_pantry.go:63.20,65.4 1 1
cribb-backend/test/mocks_pantry.go:67.2,67.35 1 1
cribb-backend/test/mocks_pantry.go:71.89,74.27 2 0
cribb-backend/test/mocks_pantry.go:74.27,76.3 1 0
cribb-backend/test/mocks_pantry.go:78.2,78.38 1 0
cribb-backend/test/mocks_pantry.go:78.38,79.30 1 0
cribb-backend/test/mocks_pantry.go:79.30,81.4 1 0
cribb-backend/test/mocks_pantry.go:83.2,83.15 1 0
cribb-backend/test/mocks_pantry.go:87.109,90.27 2 0
cribb-backend/test/mocks_pantry.go:90.27,92.3 1 0
cribb-backend/test/mocks_pantry.go:94.2,94.38 1 0
cribb-backend/test/mocks_pantry.go:94.38,95.59 1 0
cribb-backend/test/mocks_pantry.go:95.59,97.4 1 0
cribb-backend/test/mocks_pantry.go:99.2,99.15 1 0
cribb-backend/test/mocks_pantry.go:103.81,105.35 1 1
cribb-backend/test/mocks_pantry.go:105.35,107.3 1 0
cribb-backend/test/mocks_pantry.go:108.2,108.71 1 1
cribb-backend/test/mocks_pantry.go:112.84,114.35 1 0
cribb-backend/test/mocks_pantry.go:114.35,118.3 3 0
cribb-backend/test/mocks_pantry.go:120.2,120.62 1 0
cribb-backend/test/mocks_pantry.go:120.62,121.49 1 0
cribb-backend/test/mocks_pantry.go:121.49,124.4 2 0
cribb-backend/test/mocks_pantry.go:127.2,127.40 1 0
cribb-backend/test/mocks_pantry.go:131.72,132.35 1 0
cribb-backend/test/mocks_pantry.go:132.35,134.3 1 0
cribb-backend/test/mocks_pantry.go:136.2,136.54 1 0
cribb-backend/test/mocks_pantry.go:136.54,137.28 1 0
cribb-backend/test/mocks_pantry.go:137.28,140.4 2 0
cribb-backend/test/mocks_pantry.go:142.2,142.14 1 0
cribb-backend/test/mocks_pantry.go:146.103,147.35 1 0
cribb-backend/test/mocks_pantry.go:147.35,149.3 1 0
cribb-backend/test/mocks_pantry.go:151.2,151.54 1 0
cribb-backend/test/mocks_pantry.go:151.54,152.28 1 0
cribb-backend/test/mocks_pantry.go:152.28,154.4 1 0
cribb-backend/test/mocks_pantry.go:156.2,156.43 1 0
cribb-backend/test/mocks_pantry.go:160.105,163.35 2 1
cribb-backend/test/mocks_pantry.go:163.35,165.3 1 0
cribb-backend/test/mocks_pantry.go:167.2,167.54 1 1
cribb-backend/test/mocks_pantry.go:167.54,168.38 1 1
cribb-backend/test/mocks_pantry.go:168.38,170.4 1 1
cribb-backend/test/mocks_pantry.go:172.2,172.15 1 1
cribb-backend/test/mocks_pantry.go:176.146,179.35 2 0
cribb-backend/test/mocks_pantry.go:179.35,181.3 1 0
cribb-backend/test/mocks_pantry.go:183.2,183.54 1 0
cribb-backend/test/mocks_pantry.go:183.54,184.79 1 0
cribb-backend/test/mocks_pantry.go:184.79,186.4 1 0
cribb-backend/test/mocks_pantry.go:188.2,188.15 1 0
cribb-backend/test/mocks_pantry.go:192.66,194.29 1 1
cribb-backend/test/mocks_pantry.go:194.29,196.3 1 0
cribb-backend/test/mocks_pantry.go:197.2,197.54 1 1
cribb-backend/test/mocks_pantry.go:201.94,204.29 2 1
cribb-backend/test/mocks_pantry.go:204.29,206.3 1 0
cribb-backend/test/mocks_pantry.go:208.2,208.43 1 1
cribb-backend/test/mocks_pantry.go:208.43,209.31 1 1
cribb-backend/test/mocks_pantry.go:209.31,211.4 1 1
cribb-backend/test/mocks_pantry.go:213.2,213.15 1 1
cribb-backend/test/mocks_pantry.go:217.94,220.29 2 0
cribb-backend/test/mocks_pantry.go:220.29,222.3 1 0
cribb-backend/test/mocks_pantry.go:224.2,224.43 1 0
cribb-backend/test/mocks_pantry.go:224.43,225.33 1 0
cribb-backend/test/mocks_pantry.go:225.33,227.4 1 0
cribb-backend/test/mocks_pantry.go:229.2,229.15 1 0
cribb-backend/test/mocks_pantry.go:233.92,236.29 2 0
cribb-backend/test/mocks_pantry.go:236.29,238.3 1 0
cribb-backend/test/mocks_pantry.go:240.2,240.43 1 0
cribb-backend/test/mocks_pantry.go:240.43,241.31 1 0
cribb-backend/test/mocks_pantry.go:241.31,243.4 1 0
cribb-backend/test/mocks_pantry.go:245.2,245.15 1 0
cribb-backend/models/chore.go:69.123,83.2 1 1
cribb-backend/models/chore.go:86.165,100.2 1 1
cribb-backend/models/chore.go:103.64,104.33 1 1
cribb-backend/models/chore.go:104.33,106.3 1 0
cribb-backend/models/chore.go:108.2,110.17 3 1
cribb-backend/models/chore.go:114.70,120.34 3 1
cribb-backend/models/chore.go:121.15,122.40 1 0
cribb-backend/models/chore.go:123.16,124.44 1 1
cribb-backend/models/chore.go:125.18,126.45 1 0
cribb-backend/models/chore.go:127.17,128.37 1 0
cribb-backend/models/chore.go:131.2,144.3 1 1
cribb-backend/models/group.go:22.33,25.22 3 1
cribb-backend/models/group.go:25.22,27.3 1 1
cribb-backend/models/group.go:28.2,28.21 1 1
cribb-backend/models/group.go:31.35,39.2 1 1
cribb-backend/models/group.go:42.54,48.16 3 0
cribb-backend/models/group.go:48.16,50.3 1 0
cribb-backend/models/group.go:51.2,54.48 3 0
cribb-backend/models/group.go:54.48,56.3 1 0
cribb-backend/models/group.go:58.2,58.31 1 0
cribb-backend/models/group.go:58.31,64.17 2 0
cribb-backend/models/group.go:64.17,66.4 1 0
cribb-backend/models/group.go:68.2,68.12 1 0
cribb-backend/models/pantry_history.go:51.18,63.2 1 0
cribb-backend/models/pantry_item.go:32.15,44.2 1 0
cribb-backend/models/pantry_item.go:47.52,48.31 1 0
cribb-backend/models/pantry_item.go:48.31,50.3 1 0
cribb-backend/models/pantry_item.go:52.2,53.91 2 0
cribb-backend/models/pantry_item.go:57.39,58.31 1 0
cribb-backend/models/pantry_item.go:58.31,60.3 1 0
cribb-backend/models/pantry_item.go:62.2,62.44 1 0
cribb-backend/models/pantry_item.go:66.58,69.2 2 0
cribb-backend/models/pantry_notification.go:42.23,52.2 1 0
cribb-backend/models/pantry_notification.go:55.74,57.30 1 0
cribb-backend/models/pantry_notification.go:57.30,58.19 1 0
cribb-backend/models/pantry_notification.go:58.19,60.4 1 0
cribb-backend/models/pantry_notification.go:64.2,64.37 1 0
cribb-backend/models/pantry_notification.go:68.76,69.30 1 0
cribb-backend/models/pantry_notification.go:69.30,70.19 1 0
cribb-backend/models/pantry_notification.go:70.19,72.4 1 0
cribb-backend/models/pantry_notification.go:74.2,74.14 1 0
